2024-02-26 09:46:00,597 - DEBUG - CACHEDIR=/home/ibrahim/.cache/matplotlib
2024-02-26 09:46:00,599 - DEBUG - Using fontManager instance from /home/ibrahim/.cache/matplotlib/fontlist-v330.json
2024-02-26 09:46:00,716 - DEBUG - Directory: /media/ibrahim/Extended Storage/cloud/Internship/bioquant/348_wellplate_automation
2024-02-26 09:46:16,084 - DEBUG - Username: Ibrahim
2024-02-26 09:46:19,360 - DEBUG - Value key: Value, Path options: ['xposition', 'yposition', 'analoguecontrol'],State dictionary: {'xposition': {'Value': '-47.7'}, 'yposition': {'Value': '33.1'}, 'analoguecontrol': None}
2024-02-26 09:46:19,361 - DEBUG - Well: Top left well - ['-47.7' '33.1']
2024-02-26 09:46:20,910 - DEBUG - Value key: Value, Path options: ['xposition', 'yposition', 'analoguecontrol'],State dictionary: {'xposition': {'Value': '-47.7'}, 'yposition': {'Value': '-38.6'}, 'analoguecontrol': None}
2024-02-26 09:46:20,910 - DEBUG - Well: Bottom left well - ['-47.7' '-38.6']
2024-02-26 09:46:22,284 - DEBUG - Value key: Value, Path options: ['xposition', 'yposition', 'analoguecontrol'],State dictionary: {'xposition': {'Value': '59.4'}, 'yposition': {'Value': '33.8'}, 'analoguecontrol': None}
2024-02-26 09:46:22,284 - DEBUG - Well: Top right well - ['59.4' '33.8']
2024-02-26 09:46:22,284 - DEBUG - Final coordinates: dict_items([('Top left well', {'xposition': {'Value': '-47.7'}, 'yposition': {'Value': '33.1'}, 'analoguecontrol': None}), ('Bottom left well', {'xposition': {'Value': '-47.7'}, 'yposition': {'Value': '-38.6'}, 'analoguecontrol': None}), ('Top right well', {'xposition': {'Value': '59.4'}, 'yposition': {'Value': '33.8'}, 'analoguecontrol': None})])
2024-02-26 09:46:22,883 - DEBUG - Value key: Value, Path options: ['xposition', 'yposition', 'analoguecontrol'],State dictionary: {'xposition': {'Value': '59.4'}, 'yposition': {'Value': '33.8'}, 'analoguecontrol': None}
2024-02-26 09:46:22,883 - DEBUG - Value key: Value, Path options: ['xposition', 'yposition', 'analoguecontrol'],State dictionary: {'xposition': {'Value': '-47.7'}, 'yposition': {'Value': '33.1'}, 'analoguecontrol': None}
2024-02-26 09:46:22,883 - DEBUG - Value key: Value, Path options: ['xposition', 'yposition', 'analoguecontrol'],State dictionary: {'xposition': {'Value': '-47.7'}, 'yposition': {'Value': '-38.6'}, 'analoguecontrol': None}
2024-02-26 09:46:22,883 - INFO - Well plate dimension: state dict as vectors [array(['59.4', '33.8'], dtype='<U4'), array(['-47.7', '33.1'], dtype='<U5'), array(['-47.7', '-38.6'], dtype='<U5'), array(['59.4', '-38.6'], dtype='<U5')]
2024-02-26 09:46:22,884 - INFO - Well plate dimension: length - 107.10228755726928, height - 71.7
2024-02-26 09:46:22,884 - INFO - Computed well spacing: x:spacing = -4.656521739130435 and y_spacing = -4.826666666666667
2024-02-26 09:46:22,886 - INFO - All well plate coordinates: {'0 1': {'xposition': {'Value': 59.4}, 'yposition': {'Value': 33.8}, 'analoguecontrol': {'Value': False}}, '0 2': {'xposition': {'Value': 54.743478260869566}, 'yposition': {'Value': 33.8}, 'analoguecontrol': {'Value': False}}, '0 3': {'xposition': {'Value': 50.086956521739125}, 'yposition': {'Value': 33.8}, 'analoguecontrol': {'Value': False}}, '0 4': {'xposition': {'Value': 45.43043478260869}, 'yposition': {'Value': 33.8}, 'analoguecontrol': {'Value': False}}, '0 5': {'xposition': {'Value': 40.77391304347826}, 'yposition': {'Value': 33.8}, 'analoguecontrol': {'Value': False}}, '0 6': {'xposition': {'Value': 36.11739130434783}, 'yposition': {'Value': 33.8}, 'analoguecontrol': {'Value': False}}, '0 7': {'xposition': {'Value': 31.46086956521739}, 'yposition': {'Value': 33.8}, 'analoguecontrol': {'Value': False}}, '0 8': {'xposition': {'Value': 26.804347826086953}, 'yposition': {'Value': 33.8}, 'analoguecontrol': {'Value': False}}, '0 9': {'xposition': {'Value': 22.14782608695652}, 'yposition': {'Value': 33.8}, 'analoguecontrol': {'Value': False}}, '0 10': {'xposition': {'Value': 17.491304347826087}, 'yposition': {'Value': 33.8}, 'analoguecontrol': {'Value': False}}, '0 11': {'xposition': {'Value': 12.834782608695654}, 'yposition': {'Value': 33.8}, 'analoguecontrol': {'Value': False}}, '0 12': {'xposition': {'Value': 8.178260869565214}, 'yposition': {'Value': 33.8}, 'analoguecontrol': {'Value': False}}, '0 13': {'xposition': {'Value': 3.5217391304347814}, 'yposition': {'Value': 33.8}, 'analoguecontrol': {'Value': False}}, '0 14': {'xposition': {'Value': -1.1347826086956516}, 'yposition': {'Value': 33.8}, 'analoguecontrol': {'Value': False}}, '0 15': {'xposition': {'Value': -5.791304347826092}, 'yposition': {'Value': 33.8}, 'analoguecontrol': {'Value': False}}, '0 16': {'xposition': {'Value': -10.447826086956518}, 'yposition': {'Value': 33.8}, 'analoguecontrol': {'Value': False}}, '0 17': {'xposition': {'Value': -15.104347826086958}, 'yposition': {'Value': 33.8}, 'analoguecontrol': {'Value': False}}, '0 18': {'xposition': {'Value': -19.760869565217398}, 'yposition': {'Value': 33.8}, 'analoguecontrol': {'Value': False}}, '0 19': {'xposition': {'Value': -24.417391304347824}, 'yposition': {'Value': 33.8}, 'analoguecontrol': {'Value': False}}, '0 20': {'xposition': {'Value': -29.073913043478264}, 'yposition': {'Value': 33.8}, 'analoguecontrol': {'Value': False}}, '0 21': {'xposition': {'Value': -33.73043478260869}, 'yposition': {'Value': 33.8}, 'analoguecontrol': {'Value': False}}, '0 22': {'xposition': {'Value': -38.38695652173913}, 'yposition': {'Value': 33.8}, 'analoguecontrol': {'Value': False}}, '0 23': {'xposition': {'Value': -43.04347826086957}, 'yposition': {'Value': 33.8}, 'analoguecontrol': {'Value': False}}, '0 24': {'xposition': {'Value': -47.7}, 'yposition': {'Value': 33.8}, 'analoguecontrol': {'Value': False}}, '1 1': {'xposition': {'Value': 59.4}, 'yposition': {'Value': 28.97333333333333}, 'analoguecontrol': {'Value': False}}, '1 2': {'xposition': {'Value': 54.743478260869566}, 'yposition': {'Value': 28.97333333333333}, 'analoguecontrol': {'Value': False}}, '1 3': {'xposition': {'Value': 50.086956521739125}, 'yposition': {'Value': 28.97333333333333}, 'analoguecontrol': {'Value': False}}, '1 4': {'xposition': {'Value': 45.43043478260869}, 'yposition': {'Value': 28.97333333333333}, 'analoguecontrol': {'Value': False}}, '1 5': {'xposition': {'Value': 40.77391304347826}, 'yposition': {'Value': 28.97333333333333}, 'analoguecontrol': {'Value': False}}, '1 6': {'xposition': {'Value': 36.11739130434783}, 'yposition': {'Value': 28.97333333333333}, 'analoguecontrol': {'Value': False}}, '1 7': {'xposition': {'Value': 31.46086956521739}, 'yposition': {'Value': 28.97333333333333}, 'analoguecontrol': {'Value': False}}, '1 8': {'xposition': {'Value': 26.804347826086953}, 'yposition': {'Value': 28.97333333333333}, 'analoguecontrol': {'Value': False}}, '1 9': {'xposition': {'Value': 22.14782608695652}, 'yposition': {'Value': 28.97333333333333}, 'analoguecontrol': {'Value': False}}, '1 10': {'xposition': {'Value': 17.491304347826087}, 'yposition': {'Value': 28.97333333333333}, 'analoguecontrol': {'Value': False}}, '1 11': {'xposition': {'Value': 12.834782608695654}, 'yposition': {'Value': 28.97333333333333}, 'analoguecontrol': {'Value': False}}, '1 12': {'xposition': {'Value': 8.178260869565214}, 'yposition': {'Value': 28.97333333333333}, 'analoguecontrol': {'Value': False}}, '1 13': {'xposition': {'Value': 3.5217391304347814}, 'yposition': {'Value': 28.97333333333333}, 'analoguecontrol': {'Value': False}}, '1 14': {'xposition': {'Value': -1.1347826086956516}, 'yposition': {'Value': 28.97333333333333}, 'analoguecontrol': {'Value': False}}, '1 15': {'xposition': {'Value': -5.791304347826092}, 'yposition': {'Value': 28.97333333333333}, 'analoguecontrol': {'Value': False}}, '1 16': {'xposition': {'Value': -10.447826086956518}, 'yposition': {'Value': 28.97333333333333}, 'analoguecontrol': {'Value': False}}, '1 17': {'xposition': {'Value': -15.104347826086958}, 'yposition': {'Value': 28.97333333333333}, 'analoguecontrol': {'Value': False}}, '1 18': {'xposition': {'Value': -19.760869565217398}, 'yposition': {'Value': 28.97333333333333}, 'analoguecontrol': {'Value': False}}, '1 19': {'xposition': {'Value': -24.417391304347824}, 'yposition': {'Value': 28.97333333333333}, 'analoguecontrol': {'Value': False}}, '1 20': {'xposition': {'Value': -29.073913043478264}, 'yposition': {'Value': 28.97333333333333}, 'analoguecontrol': {'Value': False}}, '1 21': {'xposition': {'Value': -33.73043478260869}, 'yposition': {'Value': 28.97333333333333}, 'analoguecontrol': {'Value': False}}, '1 22': {'xposition': {'Value': -38.38695652173913}, 'yposition': {'Value': 28.97333333333333}, 'analoguecontrol': {'Value': False}}, '1 23': {'xposition': {'Value': -43.04347826086957}, 'yposition': {'Value': 28.97333333333333}, 'analoguecontrol': {'Value': False}}, '1 24': {'xposition': {'Value': -47.7}, 'yposition': {'Value': 28.97333333333333}, 'analoguecontrol': {'Value': False}}, '2 1': {'xposition': {'Value': 59.4}, 'yposition': {'Value': 24.14666666666666}, 'analoguecontrol': {'Value': False}}, '2 2': {'xposition': {'Value': 54.743478260869566}, 'yposition': {'Value': 24.14666666666666}, 'analoguecontrol': {'Value': False}}, '2 3': {'xposition': {'Value': 50.086956521739125}, 'yposition': {'Value': 24.14666666666666}, 'analoguecontrol': {'Value': False}}, '2 4': {'xposition': {'Value': 45.43043478260869}, 'yposition': {'Value': 24.14666666666666}, 'analoguecontrol': {'Value': False}}, '2 5': {'xposition': {'Value': 40.77391304347826}, 'yposition': {'Value': 24.14666666666666}, 'analoguecontrol': {'Value': False}}, '2 6': {'xposition': {'Value': 36.11739130434783}, 'yposition': {'Value': 24.14666666666666}, 'analoguecontrol': {'Value': False}}, '2 7': {'xposition': {'Value': 31.46086956521739}, 'yposition': {'Value': 24.14666666666666}, 'analoguecontrol': {'Value': False}}, '2 8': {'xposition': {'Value': 26.804347826086953}, 'yposition': {'Value': 24.14666666666666}, 'analoguecontrol': {'Value': False}}, '2 9': {'xposition': {'Value': 22.14782608695652}, 'yposition': {'Value': 24.14666666666666}, 'analoguecontrol': {'Value': False}}, '2 10': {'xposition': {'Value': 17.491304347826087}, 'yposition': {'Value': 24.14666666666666}, 'analoguecontrol': {'Value': False}}, '2 11': {'xposition': {'Value': 12.834782608695654}, 'yposition': {'Value': 24.14666666666666}, 'analoguecontrol': {'Value': False}}, '2 12': {'xposition': {'Value': 8.178260869565214}, 'yposition': {'Value': 24.14666666666666}, 'analoguecontrol': {'Value': False}}, '2 13': {'xposition': {'Value': 3.5217391304347814}, 'yposition': {'Value': 24.14666666666666}, 'analoguecontrol': {'Value': False}}, '2 14': {'xposition': {'Value': -1.1347826086956516}, 'yposition': {'Value': 24.14666666666666}, 'analoguecontrol': {'Value': False}}, '2 15': {'xposition': {'Value': -5.791304347826092}, 'yposition': {'Value': 24.14666666666666}, 'analoguecontrol': {'Value': False}}, '2 16': {'xposition': {'Value': -10.447826086956518}, 'yposition': {'Value': 24.14666666666666}, 'analoguecontrol': {'Value': False}}, '2 17': {'xposition': {'Value': -15.104347826086958}, 'yposition': {'Value': 24.14666666666666}, 'analoguecontrol': {'Value': False}}, '2 18': {'xposition': {'Value': -19.760869565217398}, 'yposition': {'Value': 24.14666666666666}, 'analoguecontrol': {'Value': False}}, '2 19': {'xposition': {'Value': -24.417391304347824}, 'yposition': {'Value': 24.14666666666666}, 'analoguecontrol': {'Value': False}}, '2 20': {'xposition': {'Value': -29.073913043478264}, 'yposition': {'Value': 24.14666666666666}, 'analoguecontrol': {'Value': False}}, '2 21': {'xposition': {'Value': -33.73043478260869}, 'yposition': {'Value': 24.14666666666666}, 'analoguecontrol': {'Value': False}}, '2 22': {'xposition': {'Value': -38.38695652173913}, 'yposition': {'Value': 24.14666666666666}, 'analoguecontrol': {'Value': False}}, '2 23': {'xposition': {'Value': -43.04347826086957}, 'yposition': {'Value': 24.14666666666666}, 'analoguecontrol': {'Value': False}}, '2 24': {'xposition': {'Value': -47.7}, 'yposition': {'Value': 24.14666666666666}, 'analoguecontrol': {'Value': False}}, '3 1': {'xposition': {'Value': 59.4}, 'yposition': {'Value': 19.319999999999997}, 'analoguecontrol': {'Value': False}}, '3 2': {'xposition': {'Value': 54.743478260869566}, 'yposition': {'Value': 19.319999999999997}, 'analoguecontrol': {'Value': False}}, '3 3': {'xposition': {'Value': 50.086956521739125}, 'yposition': {'Value': 19.319999999999997}, 'analoguecontrol': {'Value': False}}, '3 4': {'xposition': {'Value': 45.43043478260869}, 'yposition': {'Value': 19.319999999999997}, 'analoguecontrol': {'Value': False}}, '3 5': {'xposition': {'Value': 40.77391304347826}, 'yposition': {'Value': 19.319999999999997}, 'analoguecontrol': {'Value': False}}, '3 6': {'xposition': {'Value': 36.11739130434783}, 'yposition': {'Value': 19.319999999999997}, 'analoguecontrol': {'Value': False}}, '3 7': {'xposition': {'Value': 31.46086956521739}, 'yposition': {'Value': 19.319999999999997}, 'analoguecontrol': {'Value': False}}, '3 8': {'xposition': {'Value': 26.804347826086953}, 'yposition': {'Value': 19.319999999999997}, 'analoguecontrol': {'Value': False}}, '3 9': {'xposition': {'Value': 22.14782608695652}, 'yposition': {'Value': 19.319999999999997}, 'analoguecontrol': {'Value': False}}, '3 10': {'xposition': {'Value': 17.491304347826087}, 'yposition': {'Value': 19.319999999999997}, 'analoguecontrol': {'Value': False}}, '3 11': {'xposition': {'Value': 12.834782608695654}, 'yposition': {'Value': 19.319999999999997}, 'analoguecontrol': {'Value': False}}, '3 12': {'xposition': {'Value': 8.178260869565214}, 'yposition': {'Value': 19.319999999999997}, 'analoguecontrol': {'Value': False}}, '3 13': {'xposition': {'Value': 3.5217391304347814}, 'yposition': {'Value': 19.319999999999997}, 'analoguecontrol': {'Value': False}}, '3 14': {'xposition': {'Value': -1.1347826086956516}, 'yposition': {'Value': 19.319999999999997}, 'analoguecontrol': {'Value': False}}, '3 15': {'xposition': {'Value': -5.791304347826092}, 'yposition': {'Value': 19.319999999999997}, 'analoguecontrol': {'Value': False}}, '3 16': {'xposition': {'Value': -10.447826086956518}, 'yposition': {'Value': 19.319999999999997}, 'analoguecontrol': {'Value': False}}, '3 17': {'xposition': {'Value': -15.104347826086958}, 'yposition': {'Value': 19.319999999999997}, 'analoguecontrol': {'Value': False}}, '3 18': {'xposition': {'Value': -19.760869565217398}, 'yposition': {'Value': 19.319999999999997}, 'analoguecontrol': {'Value': False}}, '3 19': {'xposition': {'Value': -24.417391304347824}, 'yposition': {'Value': 19.319999999999997}, 'analoguecontrol': {'Value': False}}, '3 20': {'xposition': {'Value': -29.073913043478264}, 'yposition': {'Value': 19.319999999999997}, 'analoguecontrol': {'Value': False}}, '3 21': {'xposition': {'Value': -33.73043478260869}, 'yposition': {'Value': 19.319999999999997}, 'analoguecontrol': {'Value': False}}, '3 22': {'xposition': {'Value': -38.38695652173913}, 'yposition': {'Value': 19.319999999999997}, 'analoguecontrol': {'Value': False}}, '3 23': {'xposition': {'Value': -43.04347826086957}, 'yposition': {'Value': 19.319999999999997}, 'analoguecontrol': {'Value': False}}, '3 24': {'xposition': {'Value': -47.7}, 'yposition': {'Value': 19.319999999999997}, 'analoguecontrol': {'Value': False}}, '4 1': {'xposition': {'Value': 59.4}, 'yposition': {'Value': 14.493333333333329}, 'analoguecontrol': {'Value': False}}, '4 2': {'xposition': {'Value': 54.743478260869566}, 'yposition': {'Value': 14.493333333333329}, 'analoguecontrol': {'Value': False}}, '4 3': {'xposition': {'Value': 50.086956521739125}, 'yposition': {'Value': 14.493333333333329}, 'analoguecontrol': {'Value': False}}, '4 4': {'xposition': {'Value': 45.43043478260869}, 'yposition': {'Value': 14.493333333333329}, 'analoguecontrol': {'Value': False}}, '4 5': {'xposition': {'Value': 40.77391304347826}, 'yposition': {'Value': 14.493333333333329}, 'analoguecontrol': {'Value': False}}, '4 6': {'xposition': {'Value': 36.11739130434783}, 'yposition': {'Value': 14.493333333333329}, 'analoguecontrol': {'Value': False}}, '4 7': {'xposition': {'Value': 31.46086956521739}, 'yposition': {'Value': 14.493333333333329}, 'analoguecontrol': {'Value': False}}, '4 8': {'xposition': {'Value': 26.804347826086953}, 'yposition': {'Value': 14.493333333333329}, 'analoguecontrol': {'Value': False}}, '4 9': {'xposition': {'Value': 22.14782608695652}, 'yposition': {'Value': 14.493333333333329}, 'analoguecontrol': {'Value': False}}, '4 10': {'xposition': {'Value': 17.491304347826087}, 'yposition': {'Value': 14.493333333333329}, 'analoguecontrol': {'Value': False}}, '4 11': {'xposition': {'Value': 12.834782608695654}, 'yposition': {'Value': 14.493333333333329}, 'analoguecontrol': {'Value': False}}, '4 12': {'xposition': {'Value': 8.178260869565214}, 'yposition': {'Value': 14.493333333333329}, 'analoguecontrol': {'Value': False}}, '4 13': {'xposition': {'Value': 3.5217391304347814}, 'yposition': {'Value': 14.493333333333329}, 'analoguecontrol': {'Value': False}}, '4 14': {'xposition': {'Value': -1.1347826086956516}, 'yposition': {'Value': 14.493333333333329}, 'analoguecontrol': {'Value': False}}, '4 15': {'xposition': {'Value': -5.791304347826092}, 'yposition': {'Value': 14.493333333333329}, 'analoguecontrol': {'Value': False}}, '4 16': {'xposition': {'Value': -10.447826086956518}, 'yposition': {'Value': 14.493333333333329}, 'analoguecontrol': {'Value': False}}, '4 17': {'xposition': {'Value': -15.104347826086958}, 'yposition': {'Value': 14.493333333333329}, 'analoguecontrol': {'Value': False}}, '4 18': {'xposition': {'Value': -19.760869565217398}, 'yposition': {'Value': 14.493333333333329}, 'analoguecontrol': {'Value': False}}, '4 19': {'xposition': {'Value': -24.417391304347824}, 'yposition': {'Value': 14.493333333333329}, 'analoguecontrol': {'Value': False}}, '4 20': {'xposition': {'Value': -29.073913043478264}, 'yposition': {'Value': 14.493333333333329}, 'analoguecontrol': {'Value': False}}, '4 21': {'xposition': {'Value': -33.73043478260869}, 'yposition': {'Value': 14.493333333333329}, 'analoguecontrol': {'Value': False}}, '4 22': {'xposition': {'Value': -38.38695652173913}, 'yposition': {'Value': 14.493333333333329}, 'analoguecontrol': {'Value': False}}, '4 23': {'xposition': {'Value': -43.04347826086957}, 'yposition': {'Value': 14.493333333333329}, 'analoguecontrol': {'Value': False}}, '4 24': {'xposition': {'Value': -47.7}, 'yposition': {'Value': 14.493333333333329}, 'analoguecontrol': {'Value': False}}, '5 1': {'xposition': {'Value': 59.4}, 'yposition': {'Value': 9.66666666666666}, 'analoguecontrol': {'Value': False}}, '5 2': {'xposition': {'Value': 54.743478260869566}, 'yposition': {'Value': 9.66666666666666}, 'analoguecontrol': {'Value': False}}, '5 3': {'xposition': {'Value': 50.086956521739125}, 'yposition': {'Value': 9.66666666666666}, 'analoguecontrol': {'Value': False}}, '5 4': {'xposition': {'Value': 45.43043478260869}, 'yposition': {'Value': 9.66666666666666}, 'analoguecontrol': {'Value': False}}, '5 5': {'xposition': {'Value': 40.77391304347826}, 'yposition': {'Value': 9.66666666666666}, 'analoguecontrol': {'Value': False}}, '5 6': {'xposition': {'Value': 36.11739130434783}, 'yposition': {'Value': 9.66666666666666}, 'analoguecontrol': {'Value': False}}, '5 7': {'xposition': {'Value': 31.46086956521739}, 'yposition': {'Value': 9.66666666666666}, 'analoguecontrol': {'Value': False}}, '5 8': {'xposition': {'Value': 26.804347826086953}, 'yposition': {'Value': 9.66666666666666}, 'analoguecontrol': {'Value': False}}, '5 9': {'xposition': {'Value': 22.14782608695652}, 'yposition': {'Value': 9.66666666666666}, 'analoguecontrol': {'Value': False}}, '5 10': {'xposition': {'Value': 17.491304347826087}, 'yposition': {'Value': 9.66666666666666}, 'analoguecontrol': {'Value': False}}, '5 11': {'xposition': {'Value': 12.834782608695654}, 'yposition': {'Value': 9.66666666666666}, 'analoguecontrol': {'Value': False}}, '5 12': {'xposition': {'Value': 8.178260869565214}, 'yposition': {'Value': 9.66666666666666}, 'analoguecontrol': {'Value': False}}, '5 13': {'xposition': {'Value': 3.5217391304347814}, 'yposition': {'Value': 9.66666666666666}, 'analoguecontrol': {'Value': False}}, '5 14': {'xposition': {'Value': -1.1347826086956516}, 'yposition': {'Value': 9.66666666666666}, 'analoguecontrol': {'Value': False}}, '5 15': {'xposition': {'Value': -5.791304347826092}, 'yposition': {'Value': 9.66666666666666}, 'analoguecontrol': {'Value': False}}, '5 16': {'xposition': {'Value': -10.447826086956518}, 'yposition': {'Value': 9.66666666666666}, 'analoguecontrol': {'Value': False}}, '5 17': {'xposition': {'Value': -15.104347826086958}, 'yposition': {'Value': 9.66666666666666}, 'analoguecontrol': {'Value': False}}, '5 18': {'xposition': {'Value': -19.760869565217398}, 'yposition': {'Value': 9.66666666666666}, 'analoguecontrol': {'Value': False}}, '5 19': {'xposition': {'Value': -24.417391304347824}, 'yposition': {'Value': 9.66666666666666}, 'analoguecontrol': {'Value': False}}, '5 20': {'xposition': {'Value': -29.073913043478264}, 'yposition': {'Value': 9.66666666666666}, 'analoguecontrol': {'Value': False}}, '5 21': {'xposition': {'Value': -33.73043478260869}, 'yposition': {'Value': 9.66666666666666}, 'analoguecontrol': {'Value': False}}, '5 22': {'xposition': {'Value': -38.38695652173913}, 'yposition': {'Value': 9.66666666666666}, 'analoguecontrol': {'Value': False}}, '5 23': {'xposition': {'Value': -43.04347826086957}, 'yposition': {'Value': 9.66666666666666}, 'analoguecontrol': {'Value': False}}, '5 24': {'xposition': {'Value': -47.7}, 'yposition': {'Value': 9.66666666666666}, 'analoguecontrol': {'Value': False}}, '6 1': {'xposition': {'Value': 59.4}, 'yposition': {'Value': 4.839999999999996}, 'analoguecontrol': {'Value': False}}, '6 2': {'xposition': {'Value': 54.743478260869566}, 'yposition': {'Value': 4.839999999999996}, 'analoguecontrol': {'Value': False}}, '6 3': {'xposition': {'Value': 50.086956521739125}, 'yposition': {'Value': 4.839999999999996}, 'analoguecontrol': {'Value': False}}, '6 4': {'xposition': {'Value': 45.43043478260869}, 'yposition': {'Value': 4.839999999999996}, 'analoguecontrol': {'Value': False}}, '6 5': {'xposition': {'Value': 40.77391304347826}, 'yposition': {'Value': 4.839999999999996}, 'analoguecontrol': {'Value': False}}, '6 6': {'xposition': {'Value': 36.11739130434783}, 'yposition': {'Value': 4.839999999999996}, 'analoguecontrol': {'Value': False}}, '6 7': {'xposition': {'Value': 31.46086956521739}, 'yposition': {'Value': 4.839999999999996}, 'analoguecontrol': {'Value': False}}, '6 8': {'xposition': {'Value': 26.804347826086953}, 'yposition': {'Value': 4.839999999999996}, 'analoguecontrol': {'Value': False}}, '6 9': {'xposition': {'Value': 22.14782608695652}, 'yposition': {'Value': 4.839999999999996}, 'analoguecontrol': {'Value': False}}, '6 10': {'xposition': {'Value': 17.491304347826087}, 'yposition': {'Value': 4.839999999999996}, 'analoguecontrol': {'Value': False}}, '6 11': {'xposition': {'Value': 12.834782608695654}, 'yposition': {'Value': 4.839999999999996}, 'analoguecontrol': {'Value': False}}, '6 12': {'xposition': {'Value': 8.178260869565214}, 'yposition': {'Value': 4.839999999999996}, 'analoguecontrol': {'Value': False}}, '6 13': {'xposition': {'Value': 3.5217391304347814}, 'yposition': {'Value': 4.839999999999996}, 'analoguecontrol': {'Value': False}}, '6 14': {'xposition': {'Value': -1.1347826086956516}, 'yposition': {'Value': 4.839999999999996}, 'analoguecontrol': {'Value': False}}, '6 15': {'xposition': {'Value': -5.791304347826092}, 'yposition': {'Value': 4.839999999999996}, 'analoguecontrol': {'Value': False}}, '6 16': {'xposition': {'Value': -10.447826086956518}, 'yposition': {'Value': 4.839999999999996}, 'analoguecontrol': {'Value': False}}, '6 17': {'xposition': {'Value': -15.104347826086958}, 'yposition': {'Value': 4.839999999999996}, 'analoguecontrol': {'Value': False}}, '6 18': {'xposition': {'Value': -19.760869565217398}, 'yposition': {'Value': 4.839999999999996}, 'analoguecontrol': {'Value': False}}, '6 19': {'xposition': {'Value': -24.417391304347824}, 'yposition': {'Value': 4.839999999999996}, 'analoguecontrol': {'Value': False}}, '6 20': {'xposition': {'Value': -29.073913043478264}, 'yposition': {'Value': 4.839999999999996}, 'analoguecontrol': {'Value': False}}, '6 21': {'xposition': {'Value': -33.73043478260869}, 'yposition': {'Value': 4.839999999999996}, 'analoguecontrol': {'Value': False}}, '6 22': {'xposition': {'Value': -38.38695652173913}, 'yposition': {'Value': 4.839999999999996}, 'analoguecontrol': {'Value': False}}, '6 23': {'xposition': {'Value': -43.04347826086957}, 'yposition': {'Value': 4.839999999999996}, 'analoguecontrol': {'Value': False}}, '6 24': {'xposition': {'Value': -47.7}, 'yposition': {'Value': 4.839999999999996}, 'analoguecontrol': {'Value': False}}, '7 1': {'xposition': {'Value': 59.4}, 'yposition': {'Value': 0.013333333333328312}, 'analoguecontrol': {'Value': False}}, '7 2': {'xposition': {'Value': 54.743478260869566}, 'yposition': {'Value': 0.013333333333328312}, 'analoguecontrol': {'Value': False}}, '7 3': {'xposition': {'Value': 50.086956521739125}, 'yposition': {'Value': 0.013333333333328312}, 'analoguecontrol': {'Value': False}}, '7 4': {'xposition': {'Value': 45.43043478260869}, 'yposition': {'Value': 0.013333333333328312}, 'analoguecontrol': {'Value': False}}, '7 5': {'xposition': {'Value': 40.77391304347826}, 'yposition': {'Value': 0.013333333333328312}, 'analoguecontrol': {'Value': False}}, '7 6': {'xposition': {'Value': 36.11739130434783}, 'yposition': {'Value': 0.013333333333328312}, 'analoguecontrol': {'Value': False}}, '7 7': {'xposition': {'Value': 31.46086956521739}, 'yposition': {'Value': 0.013333333333328312}, 'analoguecontrol': {'Value': False}}, '7 8': {'xposition': {'Value': 26.804347826086953}, 'yposition': {'Value': 0.013333333333328312}, 'analoguecontrol': {'Value': False}}, '7 9': {'xposition': {'Value': 22.14782608695652}, 'yposition': {'Value': 0.013333333333328312}, 'analoguecontrol': {'Value': False}}, '7 10': {'xposition': {'Value': 17.491304347826087}, 'yposition': {'Value': 0.013333333333328312}, 'analoguecontrol': {'Value': False}}, '7 11': {'xposition': {'Value': 12.834782608695654}, 'yposition': {'Value': 0.013333333333328312}, 'analoguecontrol': {'Value': False}}, '7 12': {'xposition': {'Value': 8.178260869565214}, 'yposition': {'Value': 0.013333333333328312}, 'analoguecontrol': {'Value': False}}, '7 13': {'xposition': {'Value': 3.5217391304347814}, 'yposition': {'Value': 0.013333333333328312}, 'analoguecontrol': {'Value': False}}, '7 14': {'xposition': {'Value': -1.1347826086956516}, 'yposition': {'Value': 0.013333333333328312}, 'analoguecontrol': {'Value': False}}, '7 15': {'xposition': {'Value': -5.791304347826092}, 'yposition': {'Value': 0.013333333333328312}, 'analoguecontrol': {'Value': False}}, '7 16': {'xposition': {'Value': -10.447826086956518}, 'yposition': {'Value': 0.013333333333328312}, 'analoguecontrol': {'Value': False}}, '7 17': {'xposition': {'Value': -15.104347826086958}, 'yposition': {'Value': 0.013333333333328312}, 'analoguecontrol': {'Value': False}}, '7 18': {'xposition': {'Value': -19.760869565217398}, 'yposition': {'Value': 0.013333333333328312}, 'analoguecontrol': {'Value': False}}, '7 19': {'xposition': {'Value': -24.417391304347824}, 'yposition': {'Value': 0.013333333333328312}, 'analoguecontrol': {'Value': False}}, '7 20': {'xposition': {'Value': -29.073913043478264}, 'yposition': {'Value': 0.013333333333328312}, 'analoguecontrol': {'Value': False}}, '7 21': {'xposition': {'Value': -33.73043478260869}, 'yposition': {'Value': 0.013333333333328312}, 'analoguecontrol': {'Value': False}}, '7 22': {'xposition': {'Value': -38.38695652173913}, 'yposition': {'Value': 0.013333333333328312}, 'analoguecontrol': {'Value': False}}, '7 23': {'xposition': {'Value': -43.04347826086957}, 'yposition': {'Value': 0.013333333333328312}, 'analoguecontrol': {'Value': False}}, '7 24': {'xposition': {'Value': -47.7}, 'yposition': {'Value': 0.013333333333328312}, 'analoguecontrol': {'Value': False}}, '8 1': {'xposition': {'Value': 59.4}, 'yposition': {'Value': -4.81333333333334}, 'analoguecontrol': {'Value': False}}, '8 2': {'xposition': {'Value': 54.743478260869566}, 'yposition': {'Value': -4.81333333333334}, 'analoguecontrol': {'Value': False}}, '8 3': {'xposition': {'Value': 50.086956521739125}, 'yposition': {'Value': -4.81333333333334}, 'analoguecontrol': {'Value': False}}, '8 4': {'xposition': {'Value': 45.43043478260869}, 'yposition': {'Value': -4.81333333333334}, 'analoguecontrol': {'Value': False}}, '8 5': {'xposition': {'Value': 40.77391304347826}, 'yposition': {'Value': -4.81333333333334}, 'analoguecontrol': {'Value': False}}, '8 6': {'xposition': {'Value': 36.11739130434783}, 'yposition': {'Value': -4.81333333333334}, 'analoguecontrol': {'Value': False}}, '8 7': {'xposition': {'Value': 31.46086956521739}, 'yposition': {'Value': -4.81333333333334}, 'analoguecontrol': {'Value': False}}, '8 8': {'xposition': {'Value': 26.804347826086953}, 'yposition': {'Value': -4.81333333333334}, 'analoguecontrol': {'Value': False}}, '8 9': {'xposition': {'Value': 22.14782608695652}, 'yposition': {'Value': -4.81333333333334}, 'analoguecontrol': {'Value': False}}, '8 10': {'xposition': {'Value': 17.491304347826087}, 'yposition': {'Value': -4.81333333333334}, 'analoguecontrol': {'Value': False}}, '8 11': {'xposition': {'Value': 12.834782608695654}, 'yposition': {'Value': -4.81333333333334}, 'analoguecontrol': {'Value': False}}, '8 12': {'xposition': {'Value': 8.178260869565214}, 'yposition': {'Value': -4.81333333333334}, 'analoguecontrol': {'Value': False}}, '8 13': {'xposition': {'Value': 3.5217391304347814}, 'yposition': {'Value': -4.81333333333334}, 'analoguecontrol': {'Value': False}}, '8 14': {'xposition': {'Value': -1.1347826086956516}, 'yposition': {'Value': -4.81333333333334}, 'analoguecontrol': {'Value': False}}, '8 15': {'xposition': {'Value': -5.791304347826092}, 'yposition': {'Value': -4.81333333333334}, 'analoguecontrol': {'Value': False}}, '8 16': {'xposition': {'Value': -10.447826086956518}, 'yposition': {'Value': -4.81333333333334}, 'analoguecontrol': {'Value': False}}, '8 17': {'xposition': {'Value': -15.104347826086958}, 'yposition': {'Value': -4.81333333333334}, 'analoguecontrol': {'Value': False}}, '8 18': {'xposition': {'Value': -19.760869565217398}, 'yposition': {'Value': -4.81333333333334}, 'analoguecontrol': {'Value': False}}, '8 19': {'xposition': {'Value': -24.417391304347824}, 'yposition': {'Value': -4.81333333333334}, 'analoguecontrol': {'Value': False}}, '8 20': {'xposition': {'Value': -29.073913043478264}, 'yposition': {'Value': -4.81333333333334}, 'analoguecontrol': {'Value': False}}, '8 21': {'xposition': {'Value': -33.73043478260869}, 'yposition': {'Value': -4.81333333333334}, 'analoguecontrol': {'Value': False}}, '8 22': {'xposition': {'Value': -38.38695652173913}, 'yposition': {'Value': -4.81333333333334}, 'analoguecontrol': {'Value': False}}, '8 23': {'xposition': {'Value': -43.04347826086957}, 'yposition': {'Value': -4.81333333333334}, 'analoguecontrol': {'Value': False}}, '8 24': {'xposition': {'Value': -47.7}, 'yposition': {'Value': -4.81333333333334}, 'analoguecontrol': {'Value': False}}, '9 1': {'xposition': {'Value': 59.4}, 'yposition': {'Value': -9.640000000000008}, 'analoguecontrol': {'Value': False}}, '9 2': {'xposition': {'Value': 54.743478260869566}, 'yposition': {'Value': -9.640000000000008}, 'analoguecontrol': {'Value': False}}, '9 3': {'xposition': {'Value': 50.086956521739125}, 'yposition': {'Value': -9.640000000000008}, 'analoguecontrol': {'Value': False}}, '9 4': {'xposition': {'Value': 45.43043478260869}, 'yposition': {'Value': -9.640000000000008}, 'analoguecontrol': {'Value': False}}, '9 5': {'xposition': {'Value': 40.77391304347826}, 'yposition': {'Value': -9.640000000000008}, 'analoguecontrol': {'Value': False}}, '9 6': {'xposition': {'Value': 36.11739130434783}, 'yposition': {'Value': -9.640000000000008}, 'analoguecontrol': {'Value': False}}, '9 7': {'xposition': {'Value': 31.46086956521739}, 'yposition': {'Value': -9.640000000000008}, 'analoguecontrol': {'Value': False}}, '9 8': {'xposition': {'Value': 26.804347826086953}, 'yposition': {'Value': -9.640000000000008}, 'analoguecontrol': {'Value': False}}, '9 9': {'xposition': {'Value': 22.14782608695652}, 'yposition': {'Value': -9.640000000000008}, 'analoguecontrol': {'Value': False}}, '9 10': {'xposition': {'Value': 17.491304347826087}, 'yposition': {'Value': -9.640000000000008}, 'analoguecontrol': {'Value': False}}, '9 11': {'xposition': {'Value': 12.834782608695654}, 'yposition': {'Value': -9.640000000000008}, 'analoguecontrol': {'Value': False}}, '9 12': {'xposition': {'Value': 8.178260869565214}, 'yposition': {'Value': -9.640000000000008}, 'analoguecontrol': {'Value': False}}, '9 13': {'xposition': {'Value': 3.5217391304347814}, 'yposition': {'Value': -9.640000000000008}, 'analoguecontrol': {'Value': False}}, '9 14': {'xposition': {'Value': -1.1347826086956516}, 'yposition': {'Value': -9.640000000000008}, 'analoguecontrol': {'Value': False}}, '9 15': {'xposition': {'Value': -5.791304347826092}, 'yposition': {'Value': -9.640000000000008}, 'analoguecontrol': {'Value': False}}, '9 16': {'xposition': {'Value': -10.447826086956518}, 'yposition': {'Value': -9.640000000000008}, 'analoguecontrol': {'Value': False}}, '9 17': {'xposition': {'Value': -15.104347826086958}, 'yposition': {'Value': -9.640000000000008}, 'analoguecontrol': {'Value': False}}, '9 18': {'xposition': {'Value': -19.760869565217398}, 'yposition': {'Value': -9.640000000000008}, 'analoguecontrol': {'Value': False}}, '9 19': {'xposition': {'Value': -24.417391304347824}, 'yposition': {'Value': -9.640000000000008}, 'analoguecontrol': {'Value': False}}, '9 20': {'xposition': {'Value': -29.073913043478264}, 'yposition': {'Value': -9.640000000000008}, 'analoguecontrol': {'Value': False}}, '9 21': {'xposition': {'Value': -33.73043478260869}, 'yposition': {'Value': -9.640000000000008}, 'analoguecontrol': {'Value': False}}, '9 22': {'xposition': {'Value': -38.38695652173913}, 'yposition': {'Value': -9.640000000000008}, 'analoguecontrol': {'Value': False}}, '9 23': {'xposition': {'Value': -43.04347826086957}, 'yposition': {'Value': -9.640000000000008}, 'analoguecontrol': {'Value': False}}, '9 24': {'xposition': {'Value': -47.7}, 'yposition': {'Value': -9.640000000000008}, 'analoguecontrol': {'Value': False}}, '10 1': {'xposition': {'Value': 59.4}, 'yposition': {'Value': -14.466666666666676}, 'analoguecontrol': {'Value': False}}, '10 2': {'xposition': {'Value': 54.743478260869566}, 'yposition': {'Value': -14.466666666666676}, 'analoguecontrol': {'Value': False}}, '10 3': {'xposition': {'Value': 50.086956521739125}, 'yposition': {'Value': -14.466666666666676}, 'analoguecontrol': {'Value': False}}, '10 4': {'xposition': {'Value': 45.43043478260869}, 'yposition': {'Value': -14.466666666666676}, 'analoguecontrol': {'Value': False}}, '10 5': {'xposition': {'Value': 40.77391304347826}, 'yposition': {'Value': -14.466666666666676}, 'analoguecontrol': {'Value': False}}, '10 6': {'xposition': {'Value': 36.11739130434783}, 'yposition': {'Value': -14.466666666666676}, 'analoguecontrol': {'Value': False}}, '10 7': {'xposition': {'Value': 31.46086956521739}, 'yposition': {'Value': -14.466666666666676}, 'analoguecontrol': {'Value': False}}, '10 8': {'xposition': {'Value': 26.804347826086953}, 'yposition': {'Value': -14.466666666666676}, 'analoguecontrol': {'Value': False}}, '10 9': {'xposition': {'Value': 22.14782608695652}, 'yposition': {'Value': -14.466666666666676}, 'analoguecontrol': {'Value': False}}, '10 10': {'xposition': {'Value': 17.491304347826087}, 'yposition': {'Value': -14.466666666666676}, 'analoguecontrol': {'Value': False}}, '10 11': {'xposition': {'Value': 12.834782608695654}, 'yposition': {'Value': -14.466666666666676}, 'analoguecontrol': {'Value': False}}, '10 12': {'xposition': {'Value': 8.178260869565214}, 'yposition': {'Value': -14.466666666666676}, 'analoguecontrol': {'Value': False}}, '10 13': {'xposition': {'Value': 3.5217391304347814}, 'yposition': {'Value': -14.466666666666676}, 'analoguecontrol': {'Value': False}}, '10 14': {'xposition': {'Value': -1.1347826086956516}, 'yposition': {'Value': -14.466666666666676}, 'analoguecontrol': {'Value': False}}, '10 15': {'xposition': {'Value': -5.791304347826092}, 'yposition': {'Value': -14.466666666666676}, 'analoguecontrol': {'Value': False}}, '10 16': {'xposition': {'Value': -10.447826086956518}, 'yposition': {'Value': -14.466666666666676}, 'analoguecontrol': {'Value': False}}, '10 17': {'xposition': {'Value': -15.104347826086958}, 'yposition': {'Value': -14.466666666666676}, 'analoguecontrol': {'Value': False}}, '10 18': {'xposition': {'Value': -19.760869565217398}, 'yposition': {'Value': -14.466666666666676}, 'analoguecontrol': {'Value': False}}, '10 19': {'xposition': {'Value': -24.417391304347824}, 'yposition': {'Value': -14.466666666666676}, 'analoguecontrol': {'Value': False}}, '10 20': {'xposition': {'Value': -29.073913043478264}, 'yposition': {'Value': -14.466666666666676}, 'analoguecontrol': {'Value': False}}, '10 21': {'xposition': {'Value': -33.73043478260869}, 'yposition': {'Value': -14.466666666666676}, 'analoguecontrol': {'Value': False}}, '10 22': {'xposition': {'Value': -38.38695652173913}, 'yposition': {'Value': -14.466666666666676}, 'analoguecontrol': {'Value': False}}, '10 23': {'xposition': {'Value': -43.04347826086957}, 'yposition': {'Value': -14.466666666666676}, 'analoguecontrol': {'Value': False}}, '10 24': {'xposition': {'Value': -47.7}, 'yposition': {'Value': -14.466666666666676}, 'analoguecontrol': {'Value': False}}, '11 1': {'xposition': {'Value': 59.4}, 'yposition': {'Value': -19.293333333333344}, 'analoguecontrol': {'Value': False}}, '11 2': {'xposition': {'Value': 54.743478260869566}, 'yposition': {'Value': -19.293333333333344}, 'analoguecontrol': {'Value': False}}, '11 3': {'xposition': {'Value': 50.086956521739125}, 'yposition': {'Value': -19.293333333333344}, 'analoguecontrol': {'Value': False}}, '11 4': {'xposition': {'Value': 45.43043478260869}, 'yposition': {'Value': -19.293333333333344}, 'analoguecontrol': {'Value': False}}, '11 5': {'xposition': {'Value': 40.77391304347826}, 'yposition': {'Value': -19.293333333333344}, 'analoguecontrol': {'Value': False}}, '11 6': {'xposition': {'Value': 36.11739130434783}, 'yposition': {'Value': -19.293333333333344}, 'analoguecontrol': {'Value': False}}, '11 7': {'xposition': {'Value': 31.46086956521739}, 'yposition': {'Value': -19.293333333333344}, 'analoguecontrol': {'Value': False}}, '11 8': {'xposition': {'Value': 26.804347826086953}, 'yposition': {'Value': -19.293333333333344}, 'analoguecontrol': {'Value': False}}, '11 9': {'xposition': {'Value': 22.14782608695652}, 'yposition': {'Value': -19.293333333333344}, 'analoguecontrol': {'Value': False}}, '11 10': {'xposition': {'Value': 17.491304347826087}, 'yposition': {'Value': -19.293333333333344}, 'analoguecontrol': {'Value': False}}, '11 11': {'xposition': {'Value': 12.834782608695654}, 'yposition': {'Value': -19.293333333333344}, 'analoguecontrol': {'Value': False}}, '11 12': {'xposition': {'Value': 8.178260869565214}, 'yposition': {'Value': -19.293333333333344}, 'analoguecontrol': {'Value': False}}, '11 13': {'xposition': {'Value': 3.5217391304347814}, 'yposition': {'Value': -19.293333333333344}, 'analoguecontrol': {'Value': False}}, '11 14': {'xposition': {'Value': -1.1347826086956516}, 'yposition': {'Value': -19.293333333333344}, 'analoguecontrol': {'Value': False}}, '11 15': {'xposition': {'Value': -5.791304347826092}, 'yposition': {'Value': -19.293333333333344}, 'analoguecontrol': {'Value': False}}, '11 16': {'xposition': {'Value': -10.447826086956518}, 'yposition': {'Value': -19.293333333333344}, 'analoguecontrol': {'Value': False}}, '11 17': {'xposition': {'Value': -15.104347826086958}, 'yposition': {'Value': -19.293333333333344}, 'analoguecontrol': {'Value': False}}, '11 18': {'xposition': {'Value': -19.760869565217398}, 'yposition': {'Value': -19.293333333333344}, 'analoguecontrol': {'Value': False}}, '11 19': {'xposition': {'Value': -24.417391304347824}, 'yposition': {'Value': -19.293333333333344}, 'analoguecontrol': {'Value': False}}, '11 20': {'xposition': {'Value': -29.073913043478264}, 'yposition': {'Value': -19.293333333333344}, 'analoguecontrol': {'Value': False}}, '11 21': {'xposition': {'Value': -33.73043478260869}, 'yposition': {'Value': -19.293333333333344}, 'analoguecontrol': {'Value': False}}, '11 22': {'xposition': {'Value': -38.38695652173913}, 'yposition': {'Value': -19.293333333333344}, 'analoguecontrol': {'Value': False}}, '11 23': {'xposition': {'Value': -43.04347826086957}, 'yposition': {'Value': -19.293333333333344}, 'analoguecontrol': {'Value': False}}, '11 24': {'xposition': {'Value': -47.7}, 'yposition': {'Value': -19.293333333333344}, 'analoguecontrol': {'Value': False}}, '12 1': {'xposition': {'Value': 59.4}, 'yposition': {'Value': -24.120000000000005}, 'analoguecontrol': {'Value': False}}, '12 2': {'xposition': {'Value': 54.743478260869566}, 'yposition': {'Value': -24.120000000000005}, 'analoguecontrol': {'Value': False}}, '12 3': {'xposition': {'Value': 50.086956521739125}, 'yposition': {'Value': -24.120000000000005}, 'analoguecontrol': {'Value': False}}, '12 4': {'xposition': {'Value': 45.43043478260869}, 'yposition': {'Value': -24.120000000000005}, 'analoguecontrol': {'Value': False}}, '12 5': {'xposition': {'Value': 40.77391304347826}, 'yposition': {'Value': -24.120000000000005}, 'analoguecontrol': {'Value': False}}, '12 6': {'xposition': {'Value': 36.11739130434783}, 'yposition': {'Value': -24.120000000000005}, 'analoguecontrol': {'Value': False}}, '12 7': {'xposition': {'Value': 31.46086956521739}, 'yposition': {'Value': -24.120000000000005}, 'analoguecontrol': {'Value': False}}, '12 8': {'xposition': {'Value': 26.804347826086953}, 'yposition': {'Value': -24.120000000000005}, 'analoguecontrol': {'Value': False}}, '12 9': {'xposition': {'Value': 22.14782608695652}, 'yposition': {'Value': -24.120000000000005}, 'analoguecontrol': {'Value': False}}, '12 10': {'xposition': {'Value': 17.491304347826087}, 'yposition': {'Value': -24.120000000000005}, 'analoguecontrol': {'Value': False}}, '12 11': {'xposition': {'Value': 12.834782608695654}, 'yposition': {'Value': -24.120000000000005}, 'analoguecontrol': {'Value': False}}, '12 12': {'xposition': {'Value': 8.178260869565214}, 'yposition': {'Value': -24.120000000000005}, 'analoguecontrol': {'Value': False}}, '12 13': {'xposition': {'Value': 3.5217391304347814}, 'yposition': {'Value': -24.120000000000005}, 'analoguecontrol': {'Value': False}}, '12 14': {'xposition': {'Value': -1.1347826086956516}, 'yposition': {'Value': -24.120000000000005}, 'analoguecontrol': {'Value': False}}, '12 15': {'xposition': {'Value': -5.791304347826092}, 'yposition': {'Value': -24.120000000000005}, 'analoguecontrol': {'Value': False}}, '12 16': {'xposition': {'Value': -10.447826086956518}, 'yposition': {'Value': -24.120000000000005}, 'analoguecontrol': {'Value': False}}, '12 17': {'xposition': {'Value': -15.104347826086958}, 'yposition': {'Value': -24.120000000000005}, 'analoguecontrol': {'Value': False}}, '12 18': {'xposition': {'Value': -19.760869565217398}, 'yposition': {'Value': -24.120000000000005}, 'analoguecontrol': {'Value': False}}, '12 19': {'xposition': {'Value': -24.417391304347824}, 'yposition': {'Value': -24.120000000000005}, 'analoguecontrol': {'Value': False}}, '12 20': {'xposition': {'Value': -29.073913043478264}, 'yposition': {'Value': -24.120000000000005}, 'analoguecontrol': {'Value': False}}, '12 21': {'xposition': {'Value': -33.73043478260869}, 'yposition': {'Value': -24.120000000000005}, 'analoguecontrol': {'Value': False}}, '12 22': {'xposition': {'Value': -38.38695652173913}, 'yposition': {'Value': -24.120000000000005}, 'analoguecontrol': {'Value': False}}, '12 23': {'xposition': {'Value': -43.04347826086957}, 'yposition': {'Value': -24.120000000000005}, 'analoguecontrol': {'Value': False}}, '12 24': {'xposition': {'Value': -47.7}, 'yposition': {'Value': -24.120000000000005}, 'analoguecontrol': {'Value': False}}, '13 1': {'xposition': {'Value': 59.4}, 'yposition': {'Value': -28.946666666666673}, 'analoguecontrol': {'Value': False}}, '13 2': {'xposition': {'Value': 54.743478260869566}, 'yposition': {'Value': -28.946666666666673}, 'analoguecontrol': {'Value': False}}, '13 3': {'xposition': {'Value': 50.086956521739125}, 'yposition': {'Value': -28.946666666666673}, 'analoguecontrol': {'Value': False}}, '13 4': {'xposition': {'Value': 45.43043478260869}, 'yposition': {'Value': -28.946666666666673}, 'analoguecontrol': {'Value': False}}, '13 5': {'xposition': {'Value': 40.77391304347826}, 'yposition': {'Value': -28.946666666666673}, 'analoguecontrol': {'Value': False}}, '13 6': {'xposition': {'Value': 36.11739130434783}, 'yposition': {'Value': -28.946666666666673}, 'analoguecontrol': {'Value': False}}, '13 7': {'xposition': {'Value': 31.46086956521739}, 'yposition': {'Value': -28.946666666666673}, 'analoguecontrol': {'Value': False}}, '13 8': {'xposition': {'Value': 26.804347826086953}, 'yposition': {'Value': -28.946666666666673}, 'analoguecontrol': {'Value': False}}, '13 9': {'xposition': {'Value': 22.14782608695652}, 'yposition': {'Value': -28.946666666666673}, 'analoguecontrol': {'Value': False}}, '13 10': {'xposition': {'Value': 17.491304347826087}, 'yposition': {'Value': -28.946666666666673}, 'analoguecontrol': {'Value': False}}, '13 11': {'xposition': {'Value': 12.834782608695654}, 'yposition': {'Value': -28.946666666666673}, 'analoguecontrol': {'Value': False}}, '13 12': {'xposition': {'Value': 8.178260869565214}, 'yposition': {'Value': -28.946666666666673}, 'analoguecontrol': {'Value': False}}, '13 13': {'xposition': {'Value': 3.5217391304347814}, 'yposition': {'Value': -28.946666666666673}, 'analoguecontrol': {'Value': False}}, '13 14': {'xposition': {'Value': -1.1347826086956516}, 'yposition': {'Value': -28.946666666666673}, 'analoguecontrol': {'Value': False}}, '13 15': {'xposition': {'Value': -5.791304347826092}, 'yposition': {'Value': -28.946666666666673}, 'analoguecontrol': {'Value': False}}, '13 16': {'xposition': {'Value': -10.447826086956518}, 'yposition': {'Value': -28.946666666666673}, 'analoguecontrol': {'Value': False}}, '13 17': {'xposition': {'Value': -15.104347826086958}, 'yposition': {'Value': -28.946666666666673}, 'analoguecontrol': {'Value': False}}, '13 18': {'xposition': {'Value': -19.760869565217398}, 'yposition': {'Value': -28.946666666666673}, 'analoguecontrol': {'Value': False}}, '13 19': {'xposition': {'Value': -24.417391304347824}, 'yposition': {'Value': -28.946666666666673}, 'analoguecontrol': {'Value': False}}, '13 20': {'xposition': {'Value': -29.073913043478264}, 'yposition': {'Value': -28.946666666666673}, 'analoguecontrol': {'Value': False}}, '13 21': {'xposition': {'Value': -33.73043478260869}, 'yposition': {'Value': -28.946666666666673}, 'analoguecontrol': {'Value': False}}, '13 22': {'xposition': {'Value': -38.38695652173913}, 'yposition': {'Value': -28.946666666666673}, 'analoguecontrol': {'Value': False}}, '13 23': {'xposition': {'Value': -43.04347826086957}, 'yposition': {'Value': -28.946666666666673}, 'analoguecontrol': {'Value': False}}, '13 24': {'xposition': {'Value': -47.7}, 'yposition': {'Value': -28.946666666666673}, 'analoguecontrol': {'Value': False}}, '14 1': {'xposition': {'Value': 59.4}, 'yposition': {'Value': -33.77333333333334}, 'analoguecontrol': {'Value': False}}, '14 2': {'xposition': {'Value': 54.743478260869566}, 'yposition': {'Value': -33.77333333333334}, 'analoguecontrol': {'Value': False}}, '14 3': {'xposition': {'Value': 50.086956521739125}, 'yposition': {'Value': -33.77333333333334}, 'analoguecontrol': {'Value': False}}, '14 4': {'xposition': {'Value': 45.43043478260869}, 'yposition': {'Value': -33.77333333333334}, 'analoguecontrol': {'Value': False}}, '14 5': {'xposition': {'Value': 40.77391304347826}, 'yposition': {'Value': -33.77333333333334}, 'analoguecontrol': {'Value': False}}, '14 6': {'xposition': {'Value': 36.11739130434783}, 'yposition': {'Value': -33.77333333333334}, 'analoguecontrol': {'Value': False}}, '14 7': {'xposition': {'Value': 31.46086956521739}, 'yposition': {'Value': -33.77333333333334}, 'analoguecontrol': {'Value': False}}, '14 8': {'xposition': {'Value': 26.804347826086953}, 'yposition': {'Value': -33.77333333333334}, 'analoguecontrol': {'Value': False}}, '14 9': {'xposition': {'Value': 22.14782608695652}, 'yposition': {'Value': -33.77333333333334}, 'analoguecontrol': {'Value': False}}, '14 10': {'xposition': {'Value': 17.491304347826087}, 'yposition': {'Value': -33.77333333333334}, 'analoguecontrol': {'Value': False}}, '14 11': {'xposition': {'Value': 12.834782608695654}, 'yposition': {'Value': -33.77333333333334}, 'analoguecontrol': {'Value': False}}, '14 12': {'xposition': {'Value': 8.178260869565214}, 'yposition': {'Value': -33.77333333333334}, 'analoguecontrol': {'Value': False}}, '14 13': {'xposition': {'Value': 3.5217391304347814}, 'yposition': {'Value': -33.77333333333334}, 'analoguecontrol': {'Value': False}}, '14 14': {'xposition': {'Value': -1.1347826086956516}, 'yposition': {'Value': -33.77333333333334}, 'analoguecontrol': {'Value': False}}, '14 15': {'xposition': {'Value': -5.791304347826092}, 'yposition': {'Value': -33.77333333333334}, 'analoguecontrol': {'Value': False}}, '14 16': {'xposition': {'Value': -10.447826086956518}, 'yposition': {'Value': -33.77333333333334}, 'analoguecontrol': {'Value': False}}, '14 17': {'xposition': {'Value': -15.104347826086958}, 'yposition': {'Value': -33.77333333333334}, 'analoguecontrol': {'Value': False}}, '14 18': {'xposition': {'Value': -19.760869565217398}, 'yposition': {'Value': -33.77333333333334}, 'analoguecontrol': {'Value': False}}, '14 19': {'xposition': {'Value': -24.417391304347824}, 'yposition': {'Value': -33.77333333333334}, 'analoguecontrol': {'Value': False}}, '14 20': {'xposition': {'Value': -29.073913043478264}, 'yposition': {'Value': -33.77333333333334}, 'analoguecontrol': {'Value': False}}, '14 21': {'xposition': {'Value': -33.73043478260869}, 'yposition': {'Value': -33.77333333333334}, 'analoguecontrol': {'Value': False}}, '14 22': {'xposition': {'Value': -38.38695652173913}, 'yposition': {'Value': -33.77333333333334}, 'analoguecontrol': {'Value': False}}, '14 23': {'xposition': {'Value': -43.04347826086957}, 'yposition': {'Value': -33.77333333333334}, 'analoguecontrol': {'Value': False}}, '14 24': {'xposition': {'Value': -47.7}, 'yposition': {'Value': -33.77333333333334}, 'analoguecontrol': {'Value': False}}, '15 1': {'xposition': {'Value': 59.4}, 'yposition': {'Value': -38.6}, 'analoguecontrol': {'Value': False}}, '15 2': {'xposition': {'Value': 54.743478260869566}, 'yposition': {'Value': -38.6}, 'analoguecontrol': {'Value': False}}, '15 3': {'xposition': {'Value': 50.086956521739125}, 'yposition': {'Value': -38.6}, 'analoguecontrol': {'Value': False}}, '15 4': {'xposition': {'Value': 45.43043478260869}, 'yposition': {'Value': -38.6}, 'analoguecontrol': {'Value': False}}, '15 5': {'xposition': {'Value': 40.77391304347826}, 'yposition': {'Value': -38.6}, 'analoguecontrol': {'Value': False}}, '15 6': {'xposition': {'Value': 36.11739130434783}, 'yposition': {'Value': -38.6}, 'analoguecontrol': {'Value': False}}, '15 7': {'xposition': {'Value': 31.46086956521739}, 'yposition': {'Value': -38.6}, 'analoguecontrol': {'Value': False}}, '15 8': {'xposition': {'Value': 26.804347826086953}, 'yposition': {'Value': -38.6}, 'analoguecontrol': {'Value': False}}, '15 9': {'xposition': {'Value': 22.14782608695652}, 'yposition': {'Value': -38.6}, 'analoguecontrol': {'Value': False}}, '15 10': {'xposition': {'Value': 17.491304347826087}, 'yposition': {'Value': -38.6}, 'analoguecontrol': {'Value': False}}, '15 11': {'xposition': {'Value': 12.834782608695654}, 'yposition': {'Value': -38.6}, 'analoguecontrol': {'Value': False}}, '15 12': {'xposition': {'Value': 8.178260869565214}, 'yposition': {'Value': -38.6}, 'analoguecontrol': {'Value': False}}, '15 13': {'xposition': {'Value': 3.5217391304347814}, 'yposition': {'Value': -38.6}, 'analoguecontrol': {'Value': False}}, '15 14': {'xposition': {'Value': -1.1347826086956516}, 'yposition': {'Value': -38.6}, 'analoguecontrol': {'Value': False}}, '15 15': {'xposition': {'Value': -5.791304347826092}, 'yposition': {'Value': -38.6}, 'analoguecontrol': {'Value': False}}, '15 16': {'xposition': {'Value': -10.447826086956518}, 'yposition': {'Value': -38.6}, 'analoguecontrol': {'Value': False}}, '15 17': {'xposition': {'Value': -15.104347826086958}, 'yposition': {'Value': -38.6}, 'analoguecontrol': {'Value': False}}, '15 18': {'xposition': {'Value': -19.760869565217398}, 'yposition': {'Value': -38.6}, 'analoguecontrol': {'Value': False}}, '15 19': {'xposition': {'Value': -24.417391304347824}, 'yposition': {'Value': -38.6}, 'analoguecontrol': {'Value': False}}, '15 20': {'xposition': {'Value': -29.073913043478264}, 'yposition': {'Value': -38.6}, 'analoguecontrol': {'Value': False}}, '15 21': {'xposition': {'Value': -33.73043478260869}, 'yposition': {'Value': -38.6}, 'analoguecontrol': {'Value': False}}, '15 22': {'xposition': {'Value': -38.38695652173913}, 'yposition': {'Value': -38.6}, 'analoguecontrol': {'Value': False}}, '15 23': {'xposition': {'Value': -43.04347826086957}, 'yposition': {'Value': -38.6}, 'analoguecontrol': {'Value': False}}, '15 24': {'xposition': {'Value': -47.7}, 'yposition': {'Value': -38.6}, 'analoguecontrol': {'Value': False}}}
2024-02-26 09:46:24,930 - DEBUG - Wells that have been selected: [{'xposition': {'Value': 8.178260869565214}, 'yposition': {'Value': -4.81333333333334}, 'analoguecontrol': {'Value': False}}]
2024-02-26 09:46:24,932 - DEBUG - Starting new HTTP connection (1): localhost:15120
2024-02-26 09:46:24,933 - ERROR - An unexpected update error occurred
Traceback (most recent call last):
  File "/home/ibrahim/miniconda3/envs/bioquant/lib/python3.8/site-packages/urllib3/connection.py", line 203, in _new_conn
    sock = connection.create_connection(
  File "/home/ibrahim/miniconda3/envs/bioquant/lib/python3.8/site-packages/urllib3/util/connection.py", line 85, in create_connection
    raise err
  File "/home/ibrahim/miniconda3/envs/bioquant/lib/python3.8/site-packages/urllib3/util/connection.py", line 73, in create_connection
    sock.connect(sa)
ConnectionRefusedError: [Errno 111] Connection refused

The above exception was the direct cause of the following exception:

Traceback (most recent call last):
  File "/home/ibrahim/miniconda3/envs/bioquant/lib/python3.8/site-packages/urllib3/connectionpool.py", line 790, in urlopen
    response = self._make_request(
  File "/home/ibrahim/miniconda3/envs/bioquant/lib/python3.8/site-packages/urllib3/connectionpool.py", line 496, in _make_request
    conn.request(
  File "/home/ibrahim/miniconda3/envs/bioquant/lib/python3.8/site-packages/urllib3/connection.py", line 395, in request
    self.endheaders()
  File "/home/ibrahim/miniconda3/envs/bioquant/lib/python3.8/http/client.py", line 1251, in endheaders
    self._send_output(message_body, encode_chunked=encode_chunked)
  File "/home/ibrahim/miniconda3/envs/bioquant/lib/python3.8/http/client.py", line 1011, in _send_output
    self.send(msg)
  File "/home/ibrahim/miniconda3/envs/bioquant/lib/python3.8/http/client.py", line 951, in send
    self.connect()
  File "/home/ibrahim/miniconda3/envs/bioquant/lib/python3.8/site-packages/urllib3/connection.py", line 243, in connect
    self.sock = self._new_conn()
  File "/home/ibrahim/miniconda3/envs/bioquant/lib/python3.8/site-packages/urllib3/connection.py", line 218, in _new_conn
    raise NewConnectionError(
urllib3.exceptions.NewConnectionError: <urllib3.connection.HTTPConnection object at 0x7f52e0881070>: Failed to establish a new connection: [Errno 111] Connection refused

The above exception was the direct cause of the following exception:

Traceback (most recent call last):
  File "/home/ibrahim/miniconda3/envs/bioquant/lib/python3.8/site-packages/requests/adapters.py", line 486, in send
    resp = conn.urlopen(
  File "/home/ibrahim/miniconda3/envs/bioquant/lib/python3.8/site-packages/urllib3/connectionpool.py", line 844, in urlopen
    retries = retries.increment(
  File "/home/ibrahim/miniconda3/envs/bioquant/lib/python3.8/site-packages/urllib3/util/retry.py", line 515, in increment
    raise MaxRetryError(_pool, url, reason) from reason  # type: ignore[arg-type]
urllib3.exceptions.MaxRetryError: HTTPConnectionPool(host='localhost', port=15120): Max retries exceeded with url: /v1/devices/xyz-stage/xposition (Caused by NewConnectionError('<urllib3.connection.HTTPConnection object at 0x7f52e0881070>: Failed to establish a new connection: [Errno 111] Connection refused'))

During handling of the above exception, another exception occurred:

Traceback (most recent call last):
  File "/media/ibrahim/Extended Storage/cloud/Internship/bioquant/348_wellplate_automation/script.py", line 29, in update
    fusionrest.__put(endpoint, obj)
  File "/media/ibrahim/Extended Storage/cloud/Internship/bioquant/348_wellplate_automation/fusionrest.py", line 78, in __put
    __put_plain(endpoint, body)
  File "/media/ibrahim/Extended Storage/cloud/Internship/bioquant/348_wellplate_automation/fusionrest.py", line 81, in __put_plain
    response = requests.put(__make_address(endpoint), data=body)
  File "/home/ibrahim/miniconda3/envs/bioquant/lib/python3.8/site-packages/requests/api.py", line 130, in put
    return request("put", url, data=data, **kwargs)
  File "/home/ibrahim/miniconda3/envs/bioquant/lib/python3.8/site-packages/requests/api.py", line 59, in request
    return session.request(method=method, url=url, **kwargs)
  File "/home/ibrahim/miniconda3/envs/bioquant/lib/python3.8/site-packages/requests/sessions.py", line 589, in request
    resp = self.send(prep, **send_kwargs)
  File "/home/ibrahim/miniconda3/envs/bioquant/lib/python3.8/site-packages/requests/sessions.py", line 703, in send
    r = adapter.send(request, **kwargs)
  File "/home/ibrahim/miniconda3/envs/bioquant/lib/python3.8/site-packages/requests/adapters.py", line 519, in send
    raise ConnectionError(e, request=request)
requests.exceptions.ConnectionError: HTTPConnectionPool(host='localhost', port=15120): Max retries exceeded with url: /v1/devices/xyz-stage/xposition (Caused by NewConnectionError('<urllib3.connection.HTTPConnection object at 0x7f52e0881070>: Failed to establish a new connection: [Errno 111] Connection refused'))
2024-02-26 09:46:24,937 - DEBUG - Starting new HTTP connection (1): localhost:15120
2024-02-26 09:46:24,937 - ERROR - An unexpected update error occurred
Traceback (most recent call last):
  File "/home/ibrahim/miniconda3/envs/bioquant/lib/python3.8/site-packages/urllib3/connection.py", line 203, in _new_conn
    sock = connection.create_connection(
  File "/home/ibrahim/miniconda3/envs/bioquant/lib/python3.8/site-packages/urllib3/util/connection.py", line 85, in create_connection
    raise err
  File "/home/ibrahim/miniconda3/envs/bioquant/lib/python3.8/site-packages/urllib3/util/connection.py", line 73, in create_connection
    sock.connect(sa)
ConnectionRefusedError: [Errno 111] Connection refused

The above exception was the direct cause of the following exception:

Traceback (most recent call last):
  File "/home/ibrahim/miniconda3/envs/bioquant/lib/python3.8/site-packages/urllib3/connectionpool.py", line 790, in urlopen
    response = self._make_request(
  File "/home/ibrahim/miniconda3/envs/bioquant/lib/python3.8/site-packages/urllib3/connectionpool.py", line 496, in _make_request
    conn.request(
  File "/home/ibrahim/miniconda3/envs/bioquant/lib/python3.8/site-packages/urllib3/connection.py", line 395, in request
    self.endheaders()
  File "/home/ibrahim/miniconda3/envs/bioquant/lib/python3.8/http/client.py", line 1251, in endheaders
    self._send_output(message_body, encode_chunked=encode_chunked)
  File "/home/ibrahim/miniconda3/envs/bioquant/lib/python3.8/http/client.py", line 1011, in _send_output
    self.send(msg)
  File "/home/ibrahim/miniconda3/envs/bioquant/lib/python3.8/http/client.py", line 951, in send
    self.connect()
  File "/home/ibrahim/miniconda3/envs/bioquant/lib/python3.8/site-packages/urllib3/connection.py", line 243, in connect
    self.sock = self._new_conn()
  File "/home/ibrahim/miniconda3/envs/bioquant/lib/python3.8/site-packages/urllib3/connection.py", line 218, in _new_conn
    raise NewConnectionError(
urllib3.exceptions.NewConnectionError: <urllib3.connection.HTTPConnection object at 0x7f52e0881f70>: Failed to establish a new connection: [Errno 111] Connection refused

The above exception was the direct cause of the following exception:

Traceback (most recent call last):
  File "/home/ibrahim/miniconda3/envs/bioquant/lib/python3.8/site-packages/requests/adapters.py", line 486, in send
    resp = conn.urlopen(
  File "/home/ibrahim/miniconda3/envs/bioquant/lib/python3.8/site-packages/urllib3/connectionpool.py", line 844, in urlopen
    retries = retries.increment(
  File "/home/ibrahim/miniconda3/envs/bioquant/lib/python3.8/site-packages/urllib3/util/retry.py", line 515, in increment
    raise MaxRetryError(_pool, url, reason) from reason  # type: ignore[arg-type]
urllib3.exceptions.MaxRetryError: HTTPConnectionPool(host='localhost', port=15120): Max retries exceeded with url: /v1/devices/xyz-stage/yposition (Caused by NewConnectionError('<urllib3.connection.HTTPConnection object at 0x7f52e0881f70>: Failed to establish a new connection: [Errno 111] Connection refused'))

During handling of the above exception, another exception occurred:

Traceback (most recent call last):
  File "/media/ibrahim/Extended Storage/cloud/Internship/bioquant/348_wellplate_automation/script.py", line 29, in update
    fusionrest.__put(endpoint, obj)
  File "/media/ibrahim/Extended Storage/cloud/Internship/bioquant/348_wellplate_automation/fusionrest.py", line 78, in __put
    __put_plain(endpoint, body)
  File "/media/ibrahim/Extended Storage/cloud/Internship/bioquant/348_wellplate_automation/fusionrest.py", line 81, in __put_plain
    response = requests.put(__make_address(endpoint), data=body)
  File "/home/ibrahim/miniconda3/envs/bioquant/lib/python3.8/site-packages/requests/api.py", line 130, in put
    return request("put", url, data=data, **kwargs)
  File "/home/ibrahim/miniconda3/envs/bioquant/lib/python3.8/site-packages/requests/api.py", line 59, in request
    return session.request(method=method, url=url, **kwargs)
  File "/home/ibrahim/miniconda3/envs/bioquant/lib/python3.8/site-packages/requests/sessions.py", line 589, in request
    resp = self.send(prep, **send_kwargs)
  File "/home/ibrahim/miniconda3/envs/bioquant/lib/python3.8/site-packages/requests/sessions.py", line 703, in send
    r = adapter.send(request, **kwargs)
  File "/home/ibrahim/miniconda3/envs/bioquant/lib/python3.8/site-packages/requests/adapters.py", line 519, in send
    raise ConnectionError(e, request=request)
requests.exceptions.ConnectionError: HTTPConnectionPool(host='localhost', port=15120): Max retries exceeded with url: /v1/devices/xyz-stage/yposition (Caused by NewConnectionError('<urllib3.connection.HTTPConnection object at 0x7f52e0881f70>: Failed to establish a new connection: [Errno 111] Connection refused'))
2024-02-26 09:46:24,939 - DEBUG - Starting new HTTP connection (1): localhost:15120
2024-02-26 09:46:24,939 - ERROR - An unexpected update error occurred
Traceback (most recent call last):
  File "/home/ibrahim/miniconda3/envs/bioquant/lib/python3.8/site-packages/urllib3/connection.py", line 203, in _new_conn
    sock = connection.create_connection(
  File "/home/ibrahim/miniconda3/envs/bioquant/lib/python3.8/site-packages/urllib3/util/connection.py", line 85, in create_connection
    raise err
  File "/home/ibrahim/miniconda3/envs/bioquant/lib/python3.8/site-packages/urllib3/util/connection.py", line 73, in create_connection
    sock.connect(sa)
ConnectionRefusedError: [Errno 111] Connection refused

The above exception was the direct cause of the following exception:

Traceback (most recent call last):
  File "/home/ibrahim/miniconda3/envs/bioquant/lib/python3.8/site-packages/urllib3/connectionpool.py", line 790, in urlopen
    response = self._make_request(
  File "/home/ibrahim/miniconda3/envs/bioquant/lib/python3.8/site-packages/urllib3/connectionpool.py", line 496, in _make_request
    conn.request(
  File "/home/ibrahim/miniconda3/envs/bioquant/lib/python3.8/site-packages/urllib3/connection.py", line 395, in request
    self.endheaders()
  File "/home/ibrahim/miniconda3/envs/bioquant/lib/python3.8/http/client.py", line 1251, in endheaders
    self._send_output(message_body, encode_chunked=encode_chunked)
  File "/home/ibrahim/miniconda3/envs/bioquant/lib/python3.8/http/client.py", line 1011, in _send_output
    self.send(msg)
  File "/home/ibrahim/miniconda3/envs/bioquant/lib/python3.8/http/client.py", line 951, in send
    self.connect()
  File "/home/ibrahim/miniconda3/envs/bioquant/lib/python3.8/site-packages/urllib3/connection.py", line 243, in connect
    self.sock = self._new_conn()
  File "/home/ibrahim/miniconda3/envs/bioquant/lib/python3.8/site-packages/urllib3/connection.py", line 218, in _new_conn
    raise NewConnectionError(
urllib3.exceptions.NewConnectionError: <urllib3.connection.HTTPConnection object at 0x7f52e0813940>: Failed to establish a new connection: [Errno 111] Connection refused

The above exception was the direct cause of the following exception:

Traceback (most recent call last):
  File "/home/ibrahim/miniconda3/envs/bioquant/lib/python3.8/site-packages/requests/adapters.py", line 486, in send
    resp = conn.urlopen(
  File "/home/ibrahim/miniconda3/envs/bioquant/lib/python3.8/site-packages/urllib3/connectionpool.py", line 844, in urlopen
    retries = retries.increment(
  File "/home/ibrahim/miniconda3/envs/bioquant/lib/python3.8/site-packages/urllib3/util/retry.py", line 515, in increment
    raise MaxRetryError(_pool, url, reason) from reason  # type: ignore[arg-type]
urllib3.exceptions.MaxRetryError: HTTPConnectionPool(host='localhost', port=15120): Max retries exceeded with url: /v1/devices/xyz-stage/analoguecontrol (Caused by NewConnectionError('<urllib3.connection.HTTPConnection object at 0x7f52e0813940>: Failed to establish a new connection: [Errno 111] Connection refused'))

During handling of the above exception, another exception occurred:

Traceback (most recent call last):
  File "/media/ibrahim/Extended Storage/cloud/Internship/bioquant/348_wellplate_automation/script.py", line 29, in update
    fusionrest.__put(endpoint, obj)
  File "/media/ibrahim/Extended Storage/cloud/Internship/bioquant/348_wellplate_automation/fusionrest.py", line 78, in __put
    __put_plain(endpoint, body)
  File "/media/ibrahim/Extended Storage/cloud/Internship/bioquant/348_wellplate_automation/fusionrest.py", line 81, in __put_plain
    response = requests.put(__make_address(endpoint), data=body)
  File "/home/ibrahim/miniconda3/envs/bioquant/lib/python3.8/site-packages/requests/api.py", line 130, in put
    return request("put", url, data=data, **kwargs)
  File "/home/ibrahim/miniconda3/envs/bioquant/lib/python3.8/site-packages/requests/api.py", line 59, in request
    return session.request(method=method, url=url, **kwargs)
  File "/home/ibrahim/miniconda3/envs/bioquant/lib/python3.8/site-packages/requests/sessions.py", line 589, in request
    resp = self.send(prep, **send_kwargs)
  File "/home/ibrahim/miniconda3/envs/bioquant/lib/python3.8/site-packages/requests/sessions.py", line 703, in send
    r = adapter.send(request, **kwargs)
  File "/home/ibrahim/miniconda3/envs/bioquant/lib/python3.8/site-packages/requests/adapters.py", line 519, in send
    raise ConnectionError(e, request=request)
requests.exceptions.ConnectionError: HTTPConnectionPool(host='localhost', port=15120): Max retries exceeded with url: /v1/devices/xyz-stage/analoguecontrol (Caused by NewConnectionError('<urllib3.connection.HTTPConnection object at 0x7f52e0813940>: Failed to establish a new connection: [Errno 111] Connection refused'))
2024-02-26 13:29:35,789 - DEBUG - Directory: /media/ibrahim/Extended Storage/cloud/Internship/bioquant/348_wellplate_automation
2024-02-26 13:30:19,550 - DEBUG - CACHEDIR=/home/ibrahim/.cache/matplotlib
2024-02-26 13:30:19,552 - DEBUG - Using fontManager instance from /home/ibrahim/.cache/matplotlib/fontlist-v330.json
2024-02-26 13:30:19,671 - DEBUG - Directory: /media/ibrahim/Extended Storage/cloud/Internship/bioquant/348_wellplate_automation
2024-02-26 13:31:06,952 - DEBUG - CACHEDIR=/home/ibrahim/.cache/matplotlib
2024-02-26 13:31:06,954 - DEBUG - Using fontManager instance from /home/ibrahim/.cache/matplotlib/fontlist-v330.json
2024-02-26 13:31:07,072 - DEBUG - Directory: /media/ibrahim/Extended Storage/cloud/Internship/bioquant/348_wellplate_automation
2024-02-26 13:31:20,158 - DEBUG - Username: Ibrahim
2024-02-26 13:31:24,690 - DEBUG - Value key: Value, Path options: ['xposition', 'yposition', 'analoguecontrol'],State dictionary: {'xposition': {'Value': '-47.7'}, 'yposition': {'Value': '33.1'}, 'analoguecontrol': None}
2024-02-26 13:31:24,691 - DEBUG - Well: Top left well - ['-47.7' '33.1']
2024-02-26 13:31:26,526 - DEBUG - Value key: Value, Path options: ['xposition', 'yposition', 'analoguecontrol'],State dictionary: {'xposition': {'Value': '-47.7'}, 'yposition': {'Value': '-38.6'}, 'analoguecontrol': None}
2024-02-26 13:31:26,527 - DEBUG - Well: Bottom left well - ['-47.7' '-38.6']
2024-02-26 13:31:29,084 - DEBUG - Value key: Value, Path options: ['xposition', 'yposition', 'analoguecontrol'],State dictionary: {'xposition': {'Value': '59.4'}, 'yposition': {'Value': '33.8'}, 'analoguecontrol': None}
2024-02-26 13:31:29,084 - DEBUG - Well: Top right well - ['59.4' '33.8']
2024-02-26 13:31:29,084 - DEBUG - Final coordinates: dict_items([('Top left well', {'xposition': {'Value': '-47.7'}, 'yposition': {'Value': '33.1'}, 'analoguecontrol': None}), ('Bottom left well', {'xposition': {'Value': '-47.7'}, 'yposition': {'Value': '-38.6'}, 'analoguecontrol': None}), ('Top right well', {'xposition': {'Value': '59.4'}, 'yposition': {'Value': '33.8'}, 'analoguecontrol': None})])
2024-02-26 13:31:29,992 - DEBUG - Value key: Value, Path options: ['xposition', 'yposition', 'analoguecontrol'],State dictionary: {'xposition': {'Value': '59.4'}, 'yposition': {'Value': '33.8'}, 'analoguecontrol': None}
2024-02-26 13:31:29,992 - DEBUG - Value key: Value, Path options: ['xposition', 'yposition', 'analoguecontrol'],State dictionary: {'xposition': {'Value': '-47.7'}, 'yposition': {'Value': '33.1'}, 'analoguecontrol': None}
2024-02-26 13:31:29,992 - DEBUG - Value key: Value, Path options: ['xposition', 'yposition', 'analoguecontrol'],State dictionary: {'xposition': {'Value': '-47.7'}, 'yposition': {'Value': '-38.6'}, 'analoguecontrol': None}
2024-02-26 13:31:29,993 - INFO - Well plate dimension: state dict as vectors [array(['59.4', '33.8'], dtype='<U4'), array(['-47.7', '33.1'], dtype='<U5'), array(['-47.7', '-38.6'], dtype='<U5'), array(['59.4', '-38.6'], dtype='<U5')]
2024-02-26 13:31:29,993 - INFO - Well plate dimension: length - 107.10228755726928, height - 71.7
2024-02-26 13:31:29,993 - INFO - Computed well spacing: x:spacing = -4.656521739130435 and y_spacing = -4.826666666666667
2024-02-26 13:31:29,994 - INFO - All well plate coordinates: {'0 1': {'xposition': {'Value': 59.4}, 'yposition': {'Value': 33.8}, 'analoguecontrol': {'Value': False}}, '0 2': {'xposition': {'Value': 54.743478260869566}, 'yposition': {'Value': 33.8}, 'analoguecontrol': {'Value': False}}, '0 3': {'xposition': {'Value': 50.086956521739125}, 'yposition': {'Value': 33.8}, 'analoguecontrol': {'Value': False}}, '0 4': {'xposition': {'Value': 45.43043478260869}, 'yposition': {'Value': 33.8}, 'analoguecontrol': {'Value': False}}, '0 5': {'xposition': {'Value': 40.77391304347826}, 'yposition': {'Value': 33.8}, 'analoguecontrol': {'Value': False}}, '0 6': {'xposition': {'Value': 36.11739130434783}, 'yposition': {'Value': 33.8}, 'analoguecontrol': {'Value': False}}, '0 7': {'xposition': {'Value': 31.46086956521739}, 'yposition': {'Value': 33.8}, 'analoguecontrol': {'Value': False}}, '0 8': {'xposition': {'Value': 26.804347826086953}, 'yposition': {'Value': 33.8}, 'analoguecontrol': {'Value': False}}, '0 9': {'xposition': {'Value': 22.14782608695652}, 'yposition': {'Value': 33.8}, 'analoguecontrol': {'Value': False}}, '0 10': {'xposition': {'Value': 17.491304347826087}, 'yposition': {'Value': 33.8}, 'analoguecontrol': {'Value': False}}, '0 11': {'xposition': {'Value': 12.834782608695654}, 'yposition': {'Value': 33.8}, 'analoguecontrol': {'Value': False}}, '0 12': {'xposition': {'Value': 8.178260869565214}, 'yposition': {'Value': 33.8}, 'analoguecontrol': {'Value': False}}, '0 13': {'xposition': {'Value': 3.5217391304347814}, 'yposition': {'Value': 33.8}, 'analoguecontrol': {'Value': False}}, '0 14': {'xposition': {'Value': -1.1347826086956516}, 'yposition': {'Value': 33.8}, 'analoguecontrol': {'Value': False}}, '0 15': {'xposition': {'Value': -5.791304347826092}, 'yposition': {'Value': 33.8}, 'analoguecontrol': {'Value': False}}, '0 16': {'xposition': {'Value': -10.447826086956518}, 'yposition': {'Value': 33.8}, 'analoguecontrol': {'Value': False}}, '0 17': {'xposition': {'Value': -15.104347826086958}, 'yposition': {'Value': 33.8}, 'analoguecontrol': {'Value': False}}, '0 18': {'xposition': {'Value': -19.760869565217398}, 'yposition': {'Value': 33.8}, 'analoguecontrol': {'Value': False}}, '0 19': {'xposition': {'Value': -24.417391304347824}, 'yposition': {'Value': 33.8}, 'analoguecontrol': {'Value': False}}, '0 20': {'xposition': {'Value': -29.073913043478264}, 'yposition': {'Value': 33.8}, 'analoguecontrol': {'Value': False}}, '0 21': {'xposition': {'Value': -33.73043478260869}, 'yposition': {'Value': 33.8}, 'analoguecontrol': {'Value': False}}, '0 22': {'xposition': {'Value': -38.38695652173913}, 'yposition': {'Value': 33.8}, 'analoguecontrol': {'Value': False}}, '0 23': {'xposition': {'Value': -43.04347826086957}, 'yposition': {'Value': 33.8}, 'analoguecontrol': {'Value': False}}, '0 24': {'xposition': {'Value': -47.7}, 'yposition': {'Value': 33.8}, 'analoguecontrol': {'Value': False}}, '1 1': {'xposition': {'Value': 59.4}, 'yposition': {'Value': 28.97333333333333}, 'analoguecontrol': {'Value': False}}, '1 2': {'xposition': {'Value': 54.743478260869566}, 'yposition': {'Value': 28.97333333333333}, 'analoguecontrol': {'Value': False}}, '1 3': {'xposition': {'Value': 50.086956521739125}, 'yposition': {'Value': 28.97333333333333}, 'analoguecontrol': {'Value': False}}, '1 4': {'xposition': {'Value': 45.43043478260869}, 'yposition': {'Value': 28.97333333333333}, 'analoguecontrol': {'Value': False}}, '1 5': {'xposition': {'Value': 40.77391304347826}, 'yposition': {'Value': 28.97333333333333}, 'analoguecontrol': {'Value': False}}, '1 6': {'xposition': {'Value': 36.11739130434783}, 'yposition': {'Value': 28.97333333333333}, 'analoguecontrol': {'Value': False}}, '1 7': {'xposition': {'Value': 31.46086956521739}, 'yposition': {'Value': 28.97333333333333}, 'analoguecontrol': {'Value': False}}, '1 8': {'xposition': {'Value': 26.804347826086953}, 'yposition': {'Value': 28.97333333333333}, 'analoguecontrol': {'Value': False}}, '1 9': {'xposition': {'Value': 22.14782608695652}, 'yposition': {'Value': 28.97333333333333}, 'analoguecontrol': {'Value': False}}, '1 10': {'xposition': {'Value': 17.491304347826087}, 'yposition': {'Value': 28.97333333333333}, 'analoguecontrol': {'Value': False}}, '1 11': {'xposition': {'Value': 12.834782608695654}, 'yposition': {'Value': 28.97333333333333}, 'analoguecontrol': {'Value': False}}, '1 12': {'xposition': {'Value': 8.178260869565214}, 'yposition': {'Value': 28.97333333333333}, 'analoguecontrol': {'Value': False}}, '1 13': {'xposition': {'Value': 3.5217391304347814}, 'yposition': {'Value': 28.97333333333333}, 'analoguecontrol': {'Value': False}}, '1 14': {'xposition': {'Value': -1.1347826086956516}, 'yposition': {'Value': 28.97333333333333}, 'analoguecontrol': {'Value': False}}, '1 15': {'xposition': {'Value': -5.791304347826092}, 'yposition': {'Value': 28.97333333333333}, 'analoguecontrol': {'Value': False}}, '1 16': {'xposition': {'Value': -10.447826086956518}, 'yposition': {'Value': 28.97333333333333}, 'analoguecontrol': {'Value': False}}, '1 17': {'xposition': {'Value': -15.104347826086958}, 'yposition': {'Value': 28.97333333333333}, 'analoguecontrol': {'Value': False}}, '1 18': {'xposition': {'Value': -19.760869565217398}, 'yposition': {'Value': 28.97333333333333}, 'analoguecontrol': {'Value': False}}, '1 19': {'xposition': {'Value': -24.417391304347824}, 'yposition': {'Value': 28.97333333333333}, 'analoguecontrol': {'Value': False}}, '1 20': {'xposition': {'Value': -29.073913043478264}, 'yposition': {'Value': 28.97333333333333}, 'analoguecontrol': {'Value': False}}, '1 21': {'xposition': {'Value': -33.73043478260869}, 'yposition': {'Value': 28.97333333333333}, 'analoguecontrol': {'Value': False}}, '1 22': {'xposition': {'Value': -38.38695652173913}, 'yposition': {'Value': 28.97333333333333}, 'analoguecontrol': {'Value': False}}, '1 23': {'xposition': {'Value': -43.04347826086957}, 'yposition': {'Value': 28.97333333333333}, 'analoguecontrol': {'Value': False}}, '1 24': {'xposition': {'Value': -47.7}, 'yposition': {'Value': 28.97333333333333}, 'analoguecontrol': {'Value': False}}, '2 1': {'xposition': {'Value': 59.4}, 'yposition': {'Value': 24.14666666666666}, 'analoguecontrol': {'Value': False}}, '2 2': {'xposition': {'Value': 54.743478260869566}, 'yposition': {'Value': 24.14666666666666}, 'analoguecontrol': {'Value': False}}, '2 3': {'xposition': {'Value': 50.086956521739125}, 'yposition': {'Value': 24.14666666666666}, 'analoguecontrol': {'Value': False}}, '2 4': {'xposition': {'Value': 45.43043478260869}, 'yposition': {'Value': 24.14666666666666}, 'analoguecontrol': {'Value': False}}, '2 5': {'xposition': {'Value': 40.77391304347826}, 'yposition': {'Value': 24.14666666666666}, 'analoguecontrol': {'Value': False}}, '2 6': {'xposition': {'Value': 36.11739130434783}, 'yposition': {'Value': 24.14666666666666}, 'analoguecontrol': {'Value': False}}, '2 7': {'xposition': {'Value': 31.46086956521739}, 'yposition': {'Value': 24.14666666666666}, 'analoguecontrol': {'Value': False}}, '2 8': {'xposition': {'Value': 26.804347826086953}, 'yposition': {'Value': 24.14666666666666}, 'analoguecontrol': {'Value': False}}, '2 9': {'xposition': {'Value': 22.14782608695652}, 'yposition': {'Value': 24.14666666666666}, 'analoguecontrol': {'Value': False}}, '2 10': {'xposition': {'Value': 17.491304347826087}, 'yposition': {'Value': 24.14666666666666}, 'analoguecontrol': {'Value': False}}, '2 11': {'xposition': {'Value': 12.834782608695654}, 'yposition': {'Value': 24.14666666666666}, 'analoguecontrol': {'Value': False}}, '2 12': {'xposition': {'Value': 8.178260869565214}, 'yposition': {'Value': 24.14666666666666}, 'analoguecontrol': {'Value': False}}, '2 13': {'xposition': {'Value': 3.5217391304347814}, 'yposition': {'Value': 24.14666666666666}, 'analoguecontrol': {'Value': False}}, '2 14': {'xposition': {'Value': -1.1347826086956516}, 'yposition': {'Value': 24.14666666666666}, 'analoguecontrol': {'Value': False}}, '2 15': {'xposition': {'Value': -5.791304347826092}, 'yposition': {'Value': 24.14666666666666}, 'analoguecontrol': {'Value': False}}, '2 16': {'xposition': {'Value': -10.447826086956518}, 'yposition': {'Value': 24.14666666666666}, 'analoguecontrol': {'Value': False}}, '2 17': {'xposition': {'Value': -15.104347826086958}, 'yposition': {'Value': 24.14666666666666}, 'analoguecontrol': {'Value': False}}, '2 18': {'xposition': {'Value': -19.760869565217398}, 'yposition': {'Value': 24.14666666666666}, 'analoguecontrol': {'Value': False}}, '2 19': {'xposition': {'Value': -24.417391304347824}, 'yposition': {'Value': 24.14666666666666}, 'analoguecontrol': {'Value': False}}, '2 20': {'xposition': {'Value': -29.073913043478264}, 'yposition': {'Value': 24.14666666666666}, 'analoguecontrol': {'Value': False}}, '2 21': {'xposition': {'Value': -33.73043478260869}, 'yposition': {'Value': 24.14666666666666}, 'analoguecontrol': {'Value': False}}, '2 22': {'xposition': {'Value': -38.38695652173913}, 'yposition': {'Value': 24.14666666666666}, 'analoguecontrol': {'Value': False}}, '2 23': {'xposition': {'Value': -43.04347826086957}, 'yposition': {'Value': 24.14666666666666}, 'analoguecontrol': {'Value': False}}, '2 24': {'xposition': {'Value': -47.7}, 'yposition': {'Value': 24.14666666666666}, 'analoguecontrol': {'Value': False}}, '3 1': {'xposition': {'Value': 59.4}, 'yposition': {'Value': 19.319999999999997}, 'analoguecontrol': {'Value': False}}, '3 2': {'xposition': {'Value': 54.743478260869566}, 'yposition': {'Value': 19.319999999999997}, 'analoguecontrol': {'Value': False}}, '3 3': {'xposition': {'Value': 50.086956521739125}, 'yposition': {'Value': 19.319999999999997}, 'analoguecontrol': {'Value': False}}, '3 4': {'xposition': {'Value': 45.43043478260869}, 'yposition': {'Value': 19.319999999999997}, 'analoguecontrol': {'Value': False}}, '3 5': {'xposition': {'Value': 40.77391304347826}, 'yposition': {'Value': 19.319999999999997}, 'analoguecontrol': {'Value': False}}, '3 6': {'xposition': {'Value': 36.11739130434783}, 'yposition': {'Value': 19.319999999999997}, 'analoguecontrol': {'Value': False}}, '3 7': {'xposition': {'Value': 31.46086956521739}, 'yposition': {'Value': 19.319999999999997}, 'analoguecontrol': {'Value': False}}, '3 8': {'xposition': {'Value': 26.804347826086953}, 'yposition': {'Value': 19.319999999999997}, 'analoguecontrol': {'Value': False}}, '3 9': {'xposition': {'Value': 22.14782608695652}, 'yposition': {'Value': 19.319999999999997}, 'analoguecontrol': {'Value': False}}, '3 10': {'xposition': {'Value': 17.491304347826087}, 'yposition': {'Value': 19.319999999999997}, 'analoguecontrol': {'Value': False}}, '3 11': {'xposition': {'Value': 12.834782608695654}, 'yposition': {'Value': 19.319999999999997}, 'analoguecontrol': {'Value': False}}, '3 12': {'xposition': {'Value': 8.178260869565214}, 'yposition': {'Value': 19.319999999999997}, 'analoguecontrol': {'Value': False}}, '3 13': {'xposition': {'Value': 3.5217391304347814}, 'yposition': {'Value': 19.319999999999997}, 'analoguecontrol': {'Value': False}}, '3 14': {'xposition': {'Value': -1.1347826086956516}, 'yposition': {'Value': 19.319999999999997}, 'analoguecontrol': {'Value': False}}, '3 15': {'xposition': {'Value': -5.791304347826092}, 'yposition': {'Value': 19.319999999999997}, 'analoguecontrol': {'Value': False}}, '3 16': {'xposition': {'Value': -10.447826086956518}, 'yposition': {'Value': 19.319999999999997}, 'analoguecontrol': {'Value': False}}, '3 17': {'xposition': {'Value': -15.104347826086958}, 'yposition': {'Value': 19.319999999999997}, 'analoguecontrol': {'Value': False}}, '3 18': {'xposition': {'Value': -19.760869565217398}, 'yposition': {'Value': 19.319999999999997}, 'analoguecontrol': {'Value': False}}, '3 19': {'xposition': {'Value': -24.417391304347824}, 'yposition': {'Value': 19.319999999999997}, 'analoguecontrol': {'Value': False}}, '3 20': {'xposition': {'Value': -29.073913043478264}, 'yposition': {'Value': 19.319999999999997}, 'analoguecontrol': {'Value': False}}, '3 21': {'xposition': {'Value': -33.73043478260869}, 'yposition': {'Value': 19.319999999999997}, 'analoguecontrol': {'Value': False}}, '3 22': {'xposition': {'Value': -38.38695652173913}, 'yposition': {'Value': 19.319999999999997}, 'analoguecontrol': {'Value': False}}, '3 23': {'xposition': {'Value': -43.04347826086957}, 'yposition': {'Value': 19.319999999999997}, 'analoguecontrol': {'Value': False}}, '3 24': {'xposition': {'Value': -47.7}, 'yposition': {'Value': 19.319999999999997}, 'analoguecontrol': {'Value': False}}, '4 1': {'xposition': {'Value': 59.4}, 'yposition': {'Value': 14.493333333333329}, 'analoguecontrol': {'Value': False}}, '4 2': {'xposition': {'Value': 54.743478260869566}, 'yposition': {'Value': 14.493333333333329}, 'analoguecontrol': {'Value': False}}, '4 3': {'xposition': {'Value': 50.086956521739125}, 'yposition': {'Value': 14.493333333333329}, 'analoguecontrol': {'Value': False}}, '4 4': {'xposition': {'Value': 45.43043478260869}, 'yposition': {'Value': 14.493333333333329}, 'analoguecontrol': {'Value': False}}, '4 5': {'xposition': {'Value': 40.77391304347826}, 'yposition': {'Value': 14.493333333333329}, 'analoguecontrol': {'Value': False}}, '4 6': {'xposition': {'Value': 36.11739130434783}, 'yposition': {'Value': 14.493333333333329}, 'analoguecontrol': {'Value': False}}, '4 7': {'xposition': {'Value': 31.46086956521739}, 'yposition': {'Value': 14.493333333333329}, 'analoguecontrol': {'Value': False}}, '4 8': {'xposition': {'Value': 26.804347826086953}, 'yposition': {'Value': 14.493333333333329}, 'analoguecontrol': {'Value': False}}, '4 9': {'xposition': {'Value': 22.14782608695652}, 'yposition': {'Value': 14.493333333333329}, 'analoguecontrol': {'Value': False}}, '4 10': {'xposition': {'Value': 17.491304347826087}, 'yposition': {'Value': 14.493333333333329}, 'analoguecontrol': {'Value': False}}, '4 11': {'xposition': {'Value': 12.834782608695654}, 'yposition': {'Value': 14.493333333333329}, 'analoguecontrol': {'Value': False}}, '4 12': {'xposition': {'Value': 8.178260869565214}, 'yposition': {'Value': 14.493333333333329}, 'analoguecontrol': {'Value': False}}, '4 13': {'xposition': {'Value': 3.5217391304347814}, 'yposition': {'Value': 14.493333333333329}, 'analoguecontrol': {'Value': False}}, '4 14': {'xposition': {'Value': -1.1347826086956516}, 'yposition': {'Value': 14.493333333333329}, 'analoguecontrol': {'Value': False}}, '4 15': {'xposition': {'Value': -5.791304347826092}, 'yposition': {'Value': 14.493333333333329}, 'analoguecontrol': {'Value': False}}, '4 16': {'xposition': {'Value': -10.447826086956518}, 'yposition': {'Value': 14.493333333333329}, 'analoguecontrol': {'Value': False}}, '4 17': {'xposition': {'Value': -15.104347826086958}, 'yposition': {'Value': 14.493333333333329}, 'analoguecontrol': {'Value': False}}, '4 18': {'xposition': {'Value': -19.760869565217398}, 'yposition': {'Value': 14.493333333333329}, 'analoguecontrol': {'Value': False}}, '4 19': {'xposition': {'Value': -24.417391304347824}, 'yposition': {'Value': 14.493333333333329}, 'analoguecontrol': {'Value': False}}, '4 20': {'xposition': {'Value': -29.073913043478264}, 'yposition': {'Value': 14.493333333333329}, 'analoguecontrol': {'Value': False}}, '4 21': {'xposition': {'Value': -33.73043478260869}, 'yposition': {'Value': 14.493333333333329}, 'analoguecontrol': {'Value': False}}, '4 22': {'xposition': {'Value': -38.38695652173913}, 'yposition': {'Value': 14.493333333333329}, 'analoguecontrol': {'Value': False}}, '4 23': {'xposition': {'Value': -43.04347826086957}, 'yposition': {'Value': 14.493333333333329}, 'analoguecontrol': {'Value': False}}, '4 24': {'xposition': {'Value': -47.7}, 'yposition': {'Value': 14.493333333333329}, 'analoguecontrol': {'Value': False}}, '5 1': {'xposition': {'Value': 59.4}, 'yposition': {'Value': 9.66666666666666}, 'analoguecontrol': {'Value': False}}, '5 2': {'xposition': {'Value': 54.743478260869566}, 'yposition': {'Value': 9.66666666666666}, 'analoguecontrol': {'Value': False}}, '5 3': {'xposition': {'Value': 50.086956521739125}, 'yposition': {'Value': 9.66666666666666}, 'analoguecontrol': {'Value': False}}, '5 4': {'xposition': {'Value': 45.43043478260869}, 'yposition': {'Value': 9.66666666666666}, 'analoguecontrol': {'Value': False}}, '5 5': {'xposition': {'Value': 40.77391304347826}, 'yposition': {'Value': 9.66666666666666}, 'analoguecontrol': {'Value': False}}, '5 6': {'xposition': {'Value': 36.11739130434783}, 'yposition': {'Value': 9.66666666666666}, 'analoguecontrol': {'Value': False}}, '5 7': {'xposition': {'Value': 31.46086956521739}, 'yposition': {'Value': 9.66666666666666}, 'analoguecontrol': {'Value': False}}, '5 8': {'xposition': {'Value': 26.804347826086953}, 'yposition': {'Value': 9.66666666666666}, 'analoguecontrol': {'Value': False}}, '5 9': {'xposition': {'Value': 22.14782608695652}, 'yposition': {'Value': 9.66666666666666}, 'analoguecontrol': {'Value': False}}, '5 10': {'xposition': {'Value': 17.491304347826087}, 'yposition': {'Value': 9.66666666666666}, 'analoguecontrol': {'Value': False}}, '5 11': {'xposition': {'Value': 12.834782608695654}, 'yposition': {'Value': 9.66666666666666}, 'analoguecontrol': {'Value': False}}, '5 12': {'xposition': {'Value': 8.178260869565214}, 'yposition': {'Value': 9.66666666666666}, 'analoguecontrol': {'Value': False}}, '5 13': {'xposition': {'Value': 3.5217391304347814}, 'yposition': {'Value': 9.66666666666666}, 'analoguecontrol': {'Value': False}}, '5 14': {'xposition': {'Value': -1.1347826086956516}, 'yposition': {'Value': 9.66666666666666}, 'analoguecontrol': {'Value': False}}, '5 15': {'xposition': {'Value': -5.791304347826092}, 'yposition': {'Value': 9.66666666666666}, 'analoguecontrol': {'Value': False}}, '5 16': {'xposition': {'Value': -10.447826086956518}, 'yposition': {'Value': 9.66666666666666}, 'analoguecontrol': {'Value': False}}, '5 17': {'xposition': {'Value': -15.104347826086958}, 'yposition': {'Value': 9.66666666666666}, 'analoguecontrol': {'Value': False}}, '5 18': {'xposition': {'Value': -19.760869565217398}, 'yposition': {'Value': 9.66666666666666}, 'analoguecontrol': {'Value': False}}, '5 19': {'xposition': {'Value': -24.417391304347824}, 'yposition': {'Value': 9.66666666666666}, 'analoguecontrol': {'Value': False}}, '5 20': {'xposition': {'Value': -29.073913043478264}, 'yposition': {'Value': 9.66666666666666}, 'analoguecontrol': {'Value': False}}, '5 21': {'xposition': {'Value': -33.73043478260869}, 'yposition': {'Value': 9.66666666666666}, 'analoguecontrol': {'Value': False}}, '5 22': {'xposition': {'Value': -38.38695652173913}, 'yposition': {'Value': 9.66666666666666}, 'analoguecontrol': {'Value': False}}, '5 23': {'xposition': {'Value': -43.04347826086957}, 'yposition': {'Value': 9.66666666666666}, 'analoguecontrol': {'Value': False}}, '5 24': {'xposition': {'Value': -47.7}, 'yposition': {'Value': 9.66666666666666}, 'analoguecontrol': {'Value': False}}, '6 1': {'xposition': {'Value': 59.4}, 'yposition': {'Value': 4.839999999999996}, 'analoguecontrol': {'Value': False}}, '6 2': {'xposition': {'Value': 54.743478260869566}, 'yposition': {'Value': 4.839999999999996}, 'analoguecontrol': {'Value': False}}, '6 3': {'xposition': {'Value': 50.086956521739125}, 'yposition': {'Value': 4.839999999999996}, 'analoguecontrol': {'Value': False}}, '6 4': {'xposition': {'Value': 45.43043478260869}, 'yposition': {'Value': 4.839999999999996}, 'analoguecontrol': {'Value': False}}, '6 5': {'xposition': {'Value': 40.77391304347826}, 'yposition': {'Value': 4.839999999999996}, 'analoguecontrol': {'Value': False}}, '6 6': {'xposition': {'Value': 36.11739130434783}, 'yposition': {'Value': 4.839999999999996}, 'analoguecontrol': {'Value': False}}, '6 7': {'xposition': {'Value': 31.46086956521739}, 'yposition': {'Value': 4.839999999999996}, 'analoguecontrol': {'Value': False}}, '6 8': {'xposition': {'Value': 26.804347826086953}, 'yposition': {'Value': 4.839999999999996}, 'analoguecontrol': {'Value': False}}, '6 9': {'xposition': {'Value': 22.14782608695652}, 'yposition': {'Value': 4.839999999999996}, 'analoguecontrol': {'Value': False}}, '6 10': {'xposition': {'Value': 17.491304347826087}, 'yposition': {'Value': 4.839999999999996}, 'analoguecontrol': {'Value': False}}, '6 11': {'xposition': {'Value': 12.834782608695654}, 'yposition': {'Value': 4.839999999999996}, 'analoguecontrol': {'Value': False}}, '6 12': {'xposition': {'Value': 8.178260869565214}, 'yposition': {'Value': 4.839999999999996}, 'analoguecontrol': {'Value': False}}, '6 13': {'xposition': {'Value': 3.5217391304347814}, 'yposition': {'Value': 4.839999999999996}, 'analoguecontrol': {'Value': False}}, '6 14': {'xposition': {'Value': -1.1347826086956516}, 'yposition': {'Value': 4.839999999999996}, 'analoguecontrol': {'Value': False}}, '6 15': {'xposition': {'Value': -5.791304347826092}, 'yposition': {'Value': 4.839999999999996}, 'analoguecontrol': {'Value': False}}, '6 16': {'xposition': {'Value': -10.447826086956518}, 'yposition': {'Value': 4.839999999999996}, 'analoguecontrol': {'Value': False}}, '6 17': {'xposition': {'Value': -15.104347826086958}, 'yposition': {'Value': 4.839999999999996}, 'analoguecontrol': {'Value': False}}, '6 18': {'xposition': {'Value': -19.760869565217398}, 'yposition': {'Value': 4.839999999999996}, 'analoguecontrol': {'Value': False}}, '6 19': {'xposition': {'Value': -24.417391304347824}, 'yposition': {'Value': 4.839999999999996}, 'analoguecontrol': {'Value': False}}, '6 20': {'xposition': {'Value': -29.073913043478264}, 'yposition': {'Value': 4.839999999999996}, 'analoguecontrol': {'Value': False}}, '6 21': {'xposition': {'Value': -33.73043478260869}, 'yposition': {'Value': 4.839999999999996}, 'analoguecontrol': {'Value': False}}, '6 22': {'xposition': {'Value': -38.38695652173913}, 'yposition': {'Value': 4.839999999999996}, 'analoguecontrol': {'Value': False}}, '6 23': {'xposition': {'Value': -43.04347826086957}, 'yposition': {'Value': 4.839999999999996}, 'analoguecontrol': {'Value': False}}, '6 24': {'xposition': {'Value': -47.7}, 'yposition': {'Value': 4.839999999999996}, 'analoguecontrol': {'Value': False}}, '7 1': {'xposition': {'Value': 59.4}, 'yposition': {'Value': 0.013333333333328312}, 'analoguecontrol': {'Value': False}}, '7 2': {'xposition': {'Value': 54.743478260869566}, 'yposition': {'Value': 0.013333333333328312}, 'analoguecontrol': {'Value': False}}, '7 3': {'xposition': {'Value': 50.086956521739125}, 'yposition': {'Value': 0.013333333333328312}, 'analoguecontrol': {'Value': False}}, '7 4': {'xposition': {'Value': 45.43043478260869}, 'yposition': {'Value': 0.013333333333328312}, 'analoguecontrol': {'Value': False}}, '7 5': {'xposition': {'Value': 40.77391304347826}, 'yposition': {'Value': 0.013333333333328312}, 'analoguecontrol': {'Value': False}}, '7 6': {'xposition': {'Value': 36.11739130434783}, 'yposition': {'Value': 0.013333333333328312}, 'analoguecontrol': {'Value': False}}, '7 7': {'xposition': {'Value': 31.46086956521739}, 'yposition': {'Value': 0.013333333333328312}, 'analoguecontrol': {'Value': False}}, '7 8': {'xposition': {'Value': 26.804347826086953}, 'yposition': {'Value': 0.013333333333328312}, 'analoguecontrol': {'Value': False}}, '7 9': {'xposition': {'Value': 22.14782608695652}, 'yposition': {'Value': 0.013333333333328312}, 'analoguecontrol': {'Value': False}}, '7 10': {'xposition': {'Value': 17.491304347826087}, 'yposition': {'Value': 0.013333333333328312}, 'analoguecontrol': {'Value': False}}, '7 11': {'xposition': {'Value': 12.834782608695654}, 'yposition': {'Value': 0.013333333333328312}, 'analoguecontrol': {'Value': False}}, '7 12': {'xposition': {'Value': 8.178260869565214}, 'yposition': {'Value': 0.013333333333328312}, 'analoguecontrol': {'Value': False}}, '7 13': {'xposition': {'Value': 3.5217391304347814}, 'yposition': {'Value': 0.013333333333328312}, 'analoguecontrol': {'Value': False}}, '7 14': {'xposition': {'Value': -1.1347826086956516}, 'yposition': {'Value': 0.013333333333328312}, 'analoguecontrol': {'Value': False}}, '7 15': {'xposition': {'Value': -5.791304347826092}, 'yposition': {'Value': 0.013333333333328312}, 'analoguecontrol': {'Value': False}}, '7 16': {'xposition': {'Value': -10.447826086956518}, 'yposition': {'Value': 0.013333333333328312}, 'analoguecontrol': {'Value': False}}, '7 17': {'xposition': {'Value': -15.104347826086958}, 'yposition': {'Value': 0.013333333333328312}, 'analoguecontrol': {'Value': False}}, '7 18': {'xposition': {'Value': -19.760869565217398}, 'yposition': {'Value': 0.013333333333328312}, 'analoguecontrol': {'Value': False}}, '7 19': {'xposition': {'Value': -24.417391304347824}, 'yposition': {'Value': 0.013333333333328312}, 'analoguecontrol': {'Value': False}}, '7 20': {'xposition': {'Value': -29.073913043478264}, 'yposition': {'Value': 0.013333333333328312}, 'analoguecontrol': {'Value': False}}, '7 21': {'xposition': {'Value': -33.73043478260869}, 'yposition': {'Value': 0.013333333333328312}, 'analoguecontrol': {'Value': False}}, '7 22': {'xposition': {'Value': -38.38695652173913}, 'yposition': {'Value': 0.013333333333328312}, 'analoguecontrol': {'Value': False}}, '7 23': {'xposition': {'Value': -43.04347826086957}, 'yposition': {'Value': 0.013333333333328312}, 'analoguecontrol': {'Value': False}}, '7 24': {'xposition': {'Value': -47.7}, 'yposition': {'Value': 0.013333333333328312}, 'analoguecontrol': {'Value': False}}, '8 1': {'xposition': {'Value': 59.4}, 'yposition': {'Value': -4.81333333333334}, 'analoguecontrol': {'Value': False}}, '8 2': {'xposition': {'Value': 54.743478260869566}, 'yposition': {'Value': -4.81333333333334}, 'analoguecontrol': {'Value': False}}, '8 3': {'xposition': {'Value': 50.086956521739125}, 'yposition': {'Value': -4.81333333333334}, 'analoguecontrol': {'Value': False}}, '8 4': {'xposition': {'Value': 45.43043478260869}, 'yposition': {'Value': -4.81333333333334}, 'analoguecontrol': {'Value': False}}, '8 5': {'xposition': {'Value': 40.77391304347826}, 'yposition': {'Value': -4.81333333333334}, 'analoguecontrol': {'Value': False}}, '8 6': {'xposition': {'Value': 36.11739130434783}, 'yposition': {'Value': -4.81333333333334}, 'analoguecontrol': {'Value': False}}, '8 7': {'xposition': {'Value': 31.46086956521739}, 'yposition': {'Value': -4.81333333333334}, 'analoguecontrol': {'Value': False}}, '8 8': {'xposition': {'Value': 26.804347826086953}, 'yposition': {'Value': -4.81333333333334}, 'analoguecontrol': {'Value': False}}, '8 9': {'xposition': {'Value': 22.14782608695652}, 'yposition': {'Value': -4.81333333333334}, 'analoguecontrol': {'Value': False}}, '8 10': {'xposition': {'Value': 17.491304347826087}, 'yposition': {'Value': -4.81333333333334}, 'analoguecontrol': {'Value': False}}, '8 11': {'xposition': {'Value': 12.834782608695654}, 'yposition': {'Value': -4.81333333333334}, 'analoguecontrol': {'Value': False}}, '8 12': {'xposition': {'Value': 8.178260869565214}, 'yposition': {'Value': -4.81333333333334}, 'analoguecontrol': {'Value': False}}, '8 13': {'xposition': {'Value': 3.5217391304347814}, 'yposition': {'Value': -4.81333333333334}, 'analoguecontrol': {'Value': False}}, '8 14': {'xposition': {'Value': -1.1347826086956516}, 'yposition': {'Value': -4.81333333333334}, 'analoguecontrol': {'Value': False}}, '8 15': {'xposition': {'Value': -5.791304347826092}, 'yposition': {'Value': -4.81333333333334}, 'analoguecontrol': {'Value': False}}, '8 16': {'xposition': {'Value': -10.447826086956518}, 'yposition': {'Value': -4.81333333333334}, 'analoguecontrol': {'Value': False}}, '8 17': {'xposition': {'Value': -15.104347826086958}, 'yposition': {'Value': -4.81333333333334}, 'analoguecontrol': {'Value': False}}, '8 18': {'xposition': {'Value': -19.760869565217398}, 'yposition': {'Value': -4.81333333333334}, 'analoguecontrol': {'Value': False}}, '8 19': {'xposition': {'Value': -24.417391304347824}, 'yposition': {'Value': -4.81333333333334}, 'analoguecontrol': {'Value': False}}, '8 20': {'xposition': {'Value': -29.073913043478264}, 'yposition': {'Value': -4.81333333333334}, 'analoguecontrol': {'Value': False}}, '8 21': {'xposition': {'Value': -33.73043478260869}, 'yposition': {'Value': -4.81333333333334}, 'analoguecontrol': {'Value': False}}, '8 22': {'xposition': {'Value': -38.38695652173913}, 'yposition': {'Value': -4.81333333333334}, 'analoguecontrol': {'Value': False}}, '8 23': {'xposition': {'Value': -43.04347826086957}, 'yposition': {'Value': -4.81333333333334}, 'analoguecontrol': {'Value': False}}, '8 24': {'xposition': {'Value': -47.7}, 'yposition': {'Value': -4.81333333333334}, 'analoguecontrol': {'Value': False}}, '9 1': {'xposition': {'Value': 59.4}, 'yposition': {'Value': -9.640000000000008}, 'analoguecontrol': {'Value': False}}, '9 2': {'xposition': {'Value': 54.743478260869566}, 'yposition': {'Value': -9.640000000000008}, 'analoguecontrol': {'Value': False}}, '9 3': {'xposition': {'Value': 50.086956521739125}, 'yposition': {'Value': -9.640000000000008}, 'analoguecontrol': {'Value': False}}, '9 4': {'xposition': {'Value': 45.43043478260869}, 'yposition': {'Value': -9.640000000000008}, 'analoguecontrol': {'Value': False}}, '9 5': {'xposition': {'Value': 40.77391304347826}, 'yposition': {'Value': -9.640000000000008}, 'analoguecontrol': {'Value': False}}, '9 6': {'xposition': {'Value': 36.11739130434783}, 'yposition': {'Value': -9.640000000000008}, 'analoguecontrol': {'Value': False}}, '9 7': {'xposition': {'Value': 31.46086956521739}, 'yposition': {'Value': -9.640000000000008}, 'analoguecontrol': {'Value': False}}, '9 8': {'xposition': {'Value': 26.804347826086953}, 'yposition': {'Value': -9.640000000000008}, 'analoguecontrol': {'Value': False}}, '9 9': {'xposition': {'Value': 22.14782608695652}, 'yposition': {'Value': -9.640000000000008}, 'analoguecontrol': {'Value': False}}, '9 10': {'xposition': {'Value': 17.491304347826087}, 'yposition': {'Value': -9.640000000000008}, 'analoguecontrol': {'Value': False}}, '9 11': {'xposition': {'Value': 12.834782608695654}, 'yposition': {'Value': -9.640000000000008}, 'analoguecontrol': {'Value': False}}, '9 12': {'xposition': {'Value': 8.178260869565214}, 'yposition': {'Value': -9.640000000000008}, 'analoguecontrol': {'Value': False}}, '9 13': {'xposition': {'Value': 3.5217391304347814}, 'yposition': {'Value': -9.640000000000008}, 'analoguecontrol': {'Value': False}}, '9 14': {'xposition': {'Value': -1.1347826086956516}, 'yposition': {'Value': -9.640000000000008}, 'analoguecontrol': {'Value': False}}, '9 15': {'xposition': {'Value': -5.791304347826092}, 'yposition': {'Value': -9.640000000000008}, 'analoguecontrol': {'Value': False}}, '9 16': {'xposition': {'Value': -10.447826086956518}, 'yposition': {'Value': -9.640000000000008}, 'analoguecontrol': {'Value': False}}, '9 17': {'xposition': {'Value': -15.104347826086958}, 'yposition': {'Value': -9.640000000000008}, 'analoguecontrol': {'Value': False}}, '9 18': {'xposition': {'Value': -19.760869565217398}, 'yposition': {'Value': -9.640000000000008}, 'analoguecontrol': {'Value': False}}, '9 19': {'xposition': {'Value': -24.417391304347824}, 'yposition': {'Value': -9.640000000000008}, 'analoguecontrol': {'Value': False}}, '9 20': {'xposition': {'Value': -29.073913043478264}, 'yposition': {'Value': -9.640000000000008}, 'analoguecontrol': {'Value': False}}, '9 21': {'xposition': {'Value': -33.73043478260869}, 'yposition': {'Value': -9.640000000000008}, 'analoguecontrol': {'Value': False}}, '9 22': {'xposition': {'Value': -38.38695652173913}, 'yposition': {'Value': -9.640000000000008}, 'analoguecontrol': {'Value': False}}, '9 23': {'xposition': {'Value': -43.04347826086957}, 'yposition': {'Value': -9.640000000000008}, 'analoguecontrol': {'Value': False}}, '9 24': {'xposition': {'Value': -47.7}, 'yposition': {'Value': -9.640000000000008}, 'analoguecontrol': {'Value': False}}, '10 1': {'xposition': {'Value': 59.4}, 'yposition': {'Value': -14.466666666666676}, 'analoguecontrol': {'Value': False}}, '10 2': {'xposition': {'Value': 54.743478260869566}, 'yposition': {'Value': -14.466666666666676}, 'analoguecontrol': {'Value': False}}, '10 3': {'xposition': {'Value': 50.086956521739125}, 'yposition': {'Value': -14.466666666666676}, 'analoguecontrol': {'Value': False}}, '10 4': {'xposition': {'Value': 45.43043478260869}, 'yposition': {'Value': -14.466666666666676}, 'analoguecontrol': {'Value': False}}, '10 5': {'xposition': {'Value': 40.77391304347826}, 'yposition': {'Value': -14.466666666666676}, 'analoguecontrol': {'Value': False}}, '10 6': {'xposition': {'Value': 36.11739130434783}, 'yposition': {'Value': -14.466666666666676}, 'analoguecontrol': {'Value': False}}, '10 7': {'xposition': {'Value': 31.46086956521739}, 'yposition': {'Value': -14.466666666666676}, 'analoguecontrol': {'Value': False}}, '10 8': {'xposition': {'Value': 26.804347826086953}, 'yposition': {'Value': -14.466666666666676}, 'analoguecontrol': {'Value': False}}, '10 9': {'xposition': {'Value': 22.14782608695652}, 'yposition': {'Value': -14.466666666666676}, 'analoguecontrol': {'Value': False}}, '10 10': {'xposition': {'Value': 17.491304347826087}, 'yposition': {'Value': -14.466666666666676}, 'analoguecontrol': {'Value': False}}, '10 11': {'xposition': {'Value': 12.834782608695654}, 'yposition': {'Value': -14.466666666666676}, 'analoguecontrol': {'Value': False}}, '10 12': {'xposition': {'Value': 8.178260869565214}, 'yposition': {'Value': -14.466666666666676}, 'analoguecontrol': {'Value': False}}, '10 13': {'xposition': {'Value': 3.5217391304347814}, 'yposition': {'Value': -14.466666666666676}, 'analoguecontrol': {'Value': False}}, '10 14': {'xposition': {'Value': -1.1347826086956516}, 'yposition': {'Value': -14.466666666666676}, 'analoguecontrol': {'Value': False}}, '10 15': {'xposition': {'Value': -5.791304347826092}, 'yposition': {'Value': -14.466666666666676}, 'analoguecontrol': {'Value': False}}, '10 16': {'xposition': {'Value': -10.447826086956518}, 'yposition': {'Value': -14.466666666666676}, 'analoguecontrol': {'Value': False}}, '10 17': {'xposition': {'Value': -15.104347826086958}, 'yposition': {'Value': -14.466666666666676}, 'analoguecontrol': {'Value': False}}, '10 18': {'xposition': {'Value': -19.760869565217398}, 'yposition': {'Value': -14.466666666666676}, 'analoguecontrol': {'Value': False}}, '10 19': {'xposition': {'Value': -24.417391304347824}, 'yposition': {'Value': -14.466666666666676}, 'analoguecontrol': {'Value': False}}, '10 20': {'xposition': {'Value': -29.073913043478264}, 'yposition': {'Value': -14.466666666666676}, 'analoguecontrol': {'Value': False}}, '10 21': {'xposition': {'Value': -33.73043478260869}, 'yposition': {'Value': -14.466666666666676}, 'analoguecontrol': {'Value': False}}, '10 22': {'xposition': {'Value': -38.38695652173913}, 'yposition': {'Value': -14.466666666666676}, 'analoguecontrol': {'Value': False}}, '10 23': {'xposition': {'Value': -43.04347826086957}, 'yposition': {'Value': -14.466666666666676}, 'analoguecontrol': {'Value': False}}, '10 24': {'xposition': {'Value': -47.7}, 'yposition': {'Value': -14.466666666666676}, 'analoguecontrol': {'Value': False}}, '11 1': {'xposition': {'Value': 59.4}, 'yposition': {'Value': -19.293333333333344}, 'analoguecontrol': {'Value': False}}, '11 2': {'xposition': {'Value': 54.743478260869566}, 'yposition': {'Value': -19.293333333333344}, 'analoguecontrol': {'Value': False}}, '11 3': {'xposition': {'Value': 50.086956521739125}, 'yposition': {'Value': -19.293333333333344}, 'analoguecontrol': {'Value': False}}, '11 4': {'xposition': {'Value': 45.43043478260869}, 'yposition': {'Value': -19.293333333333344}, 'analoguecontrol': {'Value': False}}, '11 5': {'xposition': {'Value': 40.77391304347826}, 'yposition': {'Value': -19.293333333333344}, 'analoguecontrol': {'Value': False}}, '11 6': {'xposition': {'Value': 36.11739130434783}, 'yposition': {'Value': -19.293333333333344}, 'analoguecontrol': {'Value': False}}, '11 7': {'xposition': {'Value': 31.46086956521739}, 'yposition': {'Value': -19.293333333333344}, 'analoguecontrol': {'Value': False}}, '11 8': {'xposition': {'Value': 26.804347826086953}, 'yposition': {'Value': -19.293333333333344}, 'analoguecontrol': {'Value': False}}, '11 9': {'xposition': {'Value': 22.14782608695652}, 'yposition': {'Value': -19.293333333333344}, 'analoguecontrol': {'Value': False}}, '11 10': {'xposition': {'Value': 17.491304347826087}, 'yposition': {'Value': -19.293333333333344}, 'analoguecontrol': {'Value': False}}, '11 11': {'xposition': {'Value': 12.834782608695654}, 'yposition': {'Value': -19.293333333333344}, 'analoguecontrol': {'Value': False}}, '11 12': {'xposition': {'Value': 8.178260869565214}, 'yposition': {'Value': -19.293333333333344}, 'analoguecontrol': {'Value': False}}, '11 13': {'xposition': {'Value': 3.5217391304347814}, 'yposition': {'Value': -19.293333333333344}, 'analoguecontrol': {'Value': False}}, '11 14': {'xposition': {'Value': -1.1347826086956516}, 'yposition': {'Value': -19.293333333333344}, 'analoguecontrol': {'Value': False}}, '11 15': {'xposition': {'Value': -5.791304347826092}, 'yposition': {'Value': -19.293333333333344}, 'analoguecontrol': {'Value': False}}, '11 16': {'xposition': {'Value': -10.447826086956518}, 'yposition': {'Value': -19.293333333333344}, 'analoguecontrol': {'Value': False}}, '11 17': {'xposition': {'Value': -15.104347826086958}, 'yposition': {'Value': -19.293333333333344}, 'analoguecontrol': {'Value': False}}, '11 18': {'xposition': {'Value': -19.760869565217398}, 'yposition': {'Value': -19.293333333333344}, 'analoguecontrol': {'Value': False}}, '11 19': {'xposition': {'Value': -24.417391304347824}, 'yposition': {'Value': -19.293333333333344}, 'analoguecontrol': {'Value': False}}, '11 20': {'xposition': {'Value': -29.073913043478264}, 'yposition': {'Value': -19.293333333333344}, 'analoguecontrol': {'Value': False}}, '11 21': {'xposition': {'Value': -33.73043478260869}, 'yposition': {'Value': -19.293333333333344}, 'analoguecontrol': {'Value': False}}, '11 22': {'xposition': {'Value': -38.38695652173913}, 'yposition': {'Value': -19.293333333333344}, 'analoguecontrol': {'Value': False}}, '11 23': {'xposition': {'Value': -43.04347826086957}, 'yposition': {'Value': -19.293333333333344}, 'analoguecontrol': {'Value': False}}, '11 24': {'xposition': {'Value': -47.7}, 'yposition': {'Value': -19.293333333333344}, 'analoguecontrol': {'Value': False}}, '12 1': {'xposition': {'Value': 59.4}, 'yposition': {'Value': -24.120000000000005}, 'analoguecontrol': {'Value': False}}, '12 2': {'xposition': {'Value': 54.743478260869566}, 'yposition': {'Value': -24.120000000000005}, 'analoguecontrol': {'Value': False}}, '12 3': {'xposition': {'Value': 50.086956521739125}, 'yposition': {'Value': -24.120000000000005}, 'analoguecontrol': {'Value': False}}, '12 4': {'xposition': {'Value': 45.43043478260869}, 'yposition': {'Value': -24.120000000000005}, 'analoguecontrol': {'Value': False}}, '12 5': {'xposition': {'Value': 40.77391304347826}, 'yposition': {'Value': -24.120000000000005}, 'analoguecontrol': {'Value': False}}, '12 6': {'xposition': {'Value': 36.11739130434783}, 'yposition': {'Value': -24.120000000000005}, 'analoguecontrol': {'Value': False}}, '12 7': {'xposition': {'Value': 31.46086956521739}, 'yposition': {'Value': -24.120000000000005}, 'analoguecontrol': {'Value': False}}, '12 8': {'xposition': {'Value': 26.804347826086953}, 'yposition': {'Value': -24.120000000000005}, 'analoguecontrol': {'Value': False}}, '12 9': {'xposition': {'Value': 22.14782608695652}, 'yposition': {'Value': -24.120000000000005}, 'analoguecontrol': {'Value': False}}, '12 10': {'xposition': {'Value': 17.491304347826087}, 'yposition': {'Value': -24.120000000000005}, 'analoguecontrol': {'Value': False}}, '12 11': {'xposition': {'Value': 12.834782608695654}, 'yposition': {'Value': -24.120000000000005}, 'analoguecontrol': {'Value': False}}, '12 12': {'xposition': {'Value': 8.178260869565214}, 'yposition': {'Value': -24.120000000000005}, 'analoguecontrol': {'Value': False}}, '12 13': {'xposition': {'Value': 3.5217391304347814}, 'yposition': {'Value': -24.120000000000005}, 'analoguecontrol': {'Value': False}}, '12 14': {'xposition': {'Value': -1.1347826086956516}, 'yposition': {'Value': -24.120000000000005}, 'analoguecontrol': {'Value': False}}, '12 15': {'xposition': {'Value': -5.791304347826092}, 'yposition': {'Value': -24.120000000000005}, 'analoguecontrol': {'Value': False}}, '12 16': {'xposition': {'Value': -10.447826086956518}, 'yposition': {'Value': -24.120000000000005}, 'analoguecontrol': {'Value': False}}, '12 17': {'xposition': {'Value': -15.104347826086958}, 'yposition': {'Value': -24.120000000000005}, 'analoguecontrol': {'Value': False}}, '12 18': {'xposition': {'Value': -19.760869565217398}, 'yposition': {'Value': -24.120000000000005}, 'analoguecontrol': {'Value': False}}, '12 19': {'xposition': {'Value': -24.417391304347824}, 'yposition': {'Value': -24.120000000000005}, 'analoguecontrol': {'Value': False}}, '12 20': {'xposition': {'Value': -29.073913043478264}, 'yposition': {'Value': -24.120000000000005}, 'analoguecontrol': {'Value': False}}, '12 21': {'xposition': {'Value': -33.73043478260869}, 'yposition': {'Value': -24.120000000000005}, 'analoguecontrol': {'Value': False}}, '12 22': {'xposition': {'Value': -38.38695652173913}, 'yposition': {'Value': -24.120000000000005}, 'analoguecontrol': {'Value': False}}, '12 23': {'xposition': {'Value': -43.04347826086957}, 'yposition': {'Value': -24.120000000000005}, 'analoguecontrol': {'Value': False}}, '12 24': {'xposition': {'Value': -47.7}, 'yposition': {'Value': -24.120000000000005}, 'analoguecontrol': {'Value': False}}, '13 1': {'xposition': {'Value': 59.4}, 'yposition': {'Value': -28.946666666666673}, 'analoguecontrol': {'Value': False}}, '13 2': {'xposition': {'Value': 54.743478260869566}, 'yposition': {'Value': -28.946666666666673}, 'analoguecontrol': {'Value': False}}, '13 3': {'xposition': {'Value': 50.086956521739125}, 'yposition': {'Value': -28.946666666666673}, 'analoguecontrol': {'Value': False}}, '13 4': {'xposition': {'Value': 45.43043478260869}, 'yposition': {'Value': -28.946666666666673}, 'analoguecontrol': {'Value': False}}, '13 5': {'xposition': {'Value': 40.77391304347826}, 'yposition': {'Value': -28.946666666666673}, 'analoguecontrol': {'Value': False}}, '13 6': {'xposition': {'Value': 36.11739130434783}, 'yposition': {'Value': -28.946666666666673}, 'analoguecontrol': {'Value': False}}, '13 7': {'xposition': {'Value': 31.46086956521739}, 'yposition': {'Value': -28.946666666666673}, 'analoguecontrol': {'Value': False}}, '13 8': {'xposition': {'Value': 26.804347826086953}, 'yposition': {'Value': -28.946666666666673}, 'analoguecontrol': {'Value': False}}, '13 9': {'xposition': {'Value': 22.14782608695652}, 'yposition': {'Value': -28.946666666666673}, 'analoguecontrol': {'Value': False}}, '13 10': {'xposition': {'Value': 17.491304347826087}, 'yposition': {'Value': -28.946666666666673}, 'analoguecontrol': {'Value': False}}, '13 11': {'xposition': {'Value': 12.834782608695654}, 'yposition': {'Value': -28.946666666666673}, 'analoguecontrol': {'Value': False}}, '13 12': {'xposition': {'Value': 8.178260869565214}, 'yposition': {'Value': -28.946666666666673}, 'analoguecontrol': {'Value': False}}, '13 13': {'xposition': {'Value': 3.5217391304347814}, 'yposition': {'Value': -28.946666666666673}, 'analoguecontrol': {'Value': False}}, '13 14': {'xposition': {'Value': -1.1347826086956516}, 'yposition': {'Value': -28.946666666666673}, 'analoguecontrol': {'Value': False}}, '13 15': {'xposition': {'Value': -5.791304347826092}, 'yposition': {'Value': -28.946666666666673}, 'analoguecontrol': {'Value': False}}, '13 16': {'xposition': {'Value': -10.447826086956518}, 'yposition': {'Value': -28.946666666666673}, 'analoguecontrol': {'Value': False}}, '13 17': {'xposition': {'Value': -15.104347826086958}, 'yposition': {'Value': -28.946666666666673}, 'analoguecontrol': {'Value': False}}, '13 18': {'xposition': {'Value': -19.760869565217398}, 'yposition': {'Value': -28.946666666666673}, 'analoguecontrol': {'Value': False}}, '13 19': {'xposition': {'Value': -24.417391304347824}, 'yposition': {'Value': -28.946666666666673}, 'analoguecontrol': {'Value': False}}, '13 20': {'xposition': {'Value': -29.073913043478264}, 'yposition': {'Value': -28.946666666666673}, 'analoguecontrol': {'Value': False}}, '13 21': {'xposition': {'Value': -33.73043478260869}, 'yposition': {'Value': -28.946666666666673}, 'analoguecontrol': {'Value': False}}, '13 22': {'xposition': {'Value': -38.38695652173913}, 'yposition': {'Value': -28.946666666666673}, 'analoguecontrol': {'Value': False}}, '13 23': {'xposition': {'Value': -43.04347826086957}, 'yposition': {'Value': -28.946666666666673}, 'analoguecontrol': {'Value': False}}, '13 24': {'xposition': {'Value': -47.7}, 'yposition': {'Value': -28.946666666666673}, 'analoguecontrol': {'Value': False}}, '14 1': {'xposition': {'Value': 59.4}, 'yposition': {'Value': -33.77333333333334}, 'analoguecontrol': {'Value': False}}, '14 2': {'xposition': {'Value': 54.743478260869566}, 'yposition': {'Value': -33.77333333333334}, 'analoguecontrol': {'Value': False}}, '14 3': {'xposition': {'Value': 50.086956521739125}, 'yposition': {'Value': -33.77333333333334}, 'analoguecontrol': {'Value': False}}, '14 4': {'xposition': {'Value': 45.43043478260869}, 'yposition': {'Value': -33.77333333333334}, 'analoguecontrol': {'Value': False}}, '14 5': {'xposition': {'Value': 40.77391304347826}, 'yposition': {'Value': -33.77333333333334}, 'analoguecontrol': {'Value': False}}, '14 6': {'xposition': {'Value': 36.11739130434783}, 'yposition': {'Value': -33.77333333333334}, 'analoguecontrol': {'Value': False}}, '14 7': {'xposition': {'Value': 31.46086956521739}, 'yposition': {'Value': -33.77333333333334}, 'analoguecontrol': {'Value': False}}, '14 8': {'xposition': {'Value': 26.804347826086953}, 'yposition': {'Value': -33.77333333333334}, 'analoguecontrol': {'Value': False}}, '14 9': {'xposition': {'Value': 22.14782608695652}, 'yposition': {'Value': -33.77333333333334}, 'analoguecontrol': {'Value': False}}, '14 10': {'xposition': {'Value': 17.491304347826087}, 'yposition': {'Value': -33.77333333333334}, 'analoguecontrol': {'Value': False}}, '14 11': {'xposition': {'Value': 12.834782608695654}, 'yposition': {'Value': -33.77333333333334}, 'analoguecontrol': {'Value': False}}, '14 12': {'xposition': {'Value': 8.178260869565214}, 'yposition': {'Value': -33.77333333333334}, 'analoguecontrol': {'Value': False}}, '14 13': {'xposition': {'Value': 3.5217391304347814}, 'yposition': {'Value': -33.77333333333334}, 'analoguecontrol': {'Value': False}}, '14 14': {'xposition': {'Value': -1.1347826086956516}, 'yposition': {'Value': -33.77333333333334}, 'analoguecontrol': {'Value': False}}, '14 15': {'xposition': {'Value': -5.791304347826092}, 'yposition': {'Value': -33.77333333333334}, 'analoguecontrol': {'Value': False}}, '14 16': {'xposition': {'Value': -10.447826086956518}, 'yposition': {'Value': -33.77333333333334}, 'analoguecontrol': {'Value': False}}, '14 17': {'xposition': {'Value': -15.104347826086958}, 'yposition': {'Value': -33.77333333333334}, 'analoguecontrol': {'Value': False}}, '14 18': {'xposition': {'Value': -19.760869565217398}, 'yposition': {'Value': -33.77333333333334}, 'analoguecontrol': {'Value': False}}, '14 19': {'xposition': {'Value': -24.417391304347824}, 'yposition': {'Value': -33.77333333333334}, 'analoguecontrol': {'Value': False}}, '14 20': {'xposition': {'Value': -29.073913043478264}, 'yposition': {'Value': -33.77333333333334}, 'analoguecontrol': {'Value': False}}, '14 21': {'xposition': {'Value': -33.73043478260869}, 'yposition': {'Value': -33.77333333333334}, 'analoguecontrol': {'Value': False}}, '14 22': {'xposition': {'Value': -38.38695652173913}, 'yposition': {'Value': -33.77333333333334}, 'analoguecontrol': {'Value': False}}, '14 23': {'xposition': {'Value': -43.04347826086957}, 'yposition': {'Value': -33.77333333333334}, 'analoguecontrol': {'Value': False}}, '14 24': {'xposition': {'Value': -47.7}, 'yposition': {'Value': -33.77333333333334}, 'analoguecontrol': {'Value': False}}, '15 1': {'xposition': {'Value': 59.4}, 'yposition': {'Value': -38.6}, 'analoguecontrol': {'Value': False}}, '15 2': {'xposition': {'Value': 54.743478260869566}, 'yposition': {'Value': -38.6}, 'analoguecontrol': {'Value': False}}, '15 3': {'xposition': {'Value': 50.086956521739125}, 'yposition': {'Value': -38.6}, 'analoguecontrol': {'Value': False}}, '15 4': {'xposition': {'Value': 45.43043478260869}, 'yposition': {'Value': -38.6}, 'analoguecontrol': {'Value': False}}, '15 5': {'xposition': {'Value': 40.77391304347826}, 'yposition': {'Value': -38.6}, 'analoguecontrol': {'Value': False}}, '15 6': {'xposition': {'Value': 36.11739130434783}, 'yposition': {'Value': -38.6}, 'analoguecontrol': {'Value': False}}, '15 7': {'xposition': {'Value': 31.46086956521739}, 'yposition': {'Value': -38.6}, 'analoguecontrol': {'Value': False}}, '15 8': {'xposition': {'Value': 26.804347826086953}, 'yposition': {'Value': -38.6}, 'analoguecontrol': {'Value': False}}, '15 9': {'xposition': {'Value': 22.14782608695652}, 'yposition': {'Value': -38.6}, 'analoguecontrol': {'Value': False}}, '15 10': {'xposition': {'Value': 17.491304347826087}, 'yposition': {'Value': -38.6}, 'analoguecontrol': {'Value': False}}, '15 11': {'xposition': {'Value': 12.834782608695654}, 'yposition': {'Value': -38.6}, 'analoguecontrol': {'Value': False}}, '15 12': {'xposition': {'Value': 8.178260869565214}, 'yposition': {'Value': -38.6}, 'analoguecontrol': {'Value': False}}, '15 13': {'xposition': {'Value': 3.5217391304347814}, 'yposition': {'Value': -38.6}, 'analoguecontrol': {'Value': False}}, '15 14': {'xposition': {'Value': -1.1347826086956516}, 'yposition': {'Value': -38.6}, 'analoguecontrol': {'Value': False}}, '15 15': {'xposition': {'Value': -5.791304347826092}, 'yposition': {'Value': -38.6}, 'analoguecontrol': {'Value': False}}, '15 16': {'xposition': {'Value': -10.447826086956518}, 'yposition': {'Value': -38.6}, 'analoguecontrol': {'Value': False}}, '15 17': {'xposition': {'Value': -15.104347826086958}, 'yposition': {'Value': -38.6}, 'analoguecontrol': {'Value': False}}, '15 18': {'xposition': {'Value': -19.760869565217398}, 'yposition': {'Value': -38.6}, 'analoguecontrol': {'Value': False}}, '15 19': {'xposition': {'Value': -24.417391304347824}, 'yposition': {'Value': -38.6}, 'analoguecontrol': {'Value': False}}, '15 20': {'xposition': {'Value': -29.073913043478264}, 'yposition': {'Value': -38.6}, 'analoguecontrol': {'Value': False}}, '15 21': {'xposition': {'Value': -33.73043478260869}, 'yposition': {'Value': -38.6}, 'analoguecontrol': {'Value': False}}, '15 22': {'xposition': {'Value': -38.38695652173913}, 'yposition': {'Value': -38.6}, 'analoguecontrol': {'Value': False}}, '15 23': {'xposition': {'Value': -43.04347826086957}, 'yposition': {'Value': -38.6}, 'analoguecontrol': {'Value': False}}, '15 24': {'xposition': {'Value': -47.7}, 'yposition': {'Value': -38.6}, 'analoguecontrol': {'Value': False}}}
2024-02-26 13:31:33,391 - DEBUG - Wells that have been selected: [{'xposition': {'Value': 8.178260869565214}, 'yposition': {'Value': -4.81333333333334}, 'analoguecontrol': {'Value': False}}]
2024-02-26 13:31:33,394 - DEBUG - Starting new HTTP connection (1): localhost:15120
2024-02-26 13:31:33,395 - ERROR - An unexpected update error occurred
Traceback (most recent call last):
  File "/home/ibrahim/miniconda3/envs/bioquant/lib/python3.8/site-packages/urllib3/connection.py", line 203, in _new_conn
    sock = connection.create_connection(
  File "/home/ibrahim/miniconda3/envs/bioquant/lib/python3.8/site-packages/urllib3/util/connection.py", line 85, in create_connection
    raise err
  File "/home/ibrahim/miniconda3/envs/bioquant/lib/python3.8/site-packages/urllib3/util/connection.py", line 73, in create_connection
    sock.connect(sa)
ConnectionRefusedError: [Errno 111] Connection refused

The above exception was the direct cause of the following exception:

Traceback (most recent call last):
  File "/home/ibrahim/miniconda3/envs/bioquant/lib/python3.8/site-packages/urllib3/connectionpool.py", line 790, in urlopen
    response = self._make_request(
  File "/home/ibrahim/miniconda3/envs/bioquant/lib/python3.8/site-packages/urllib3/connectionpool.py", line 496, in _make_request
    conn.request(
  File "/home/ibrahim/miniconda3/envs/bioquant/lib/python3.8/site-packages/urllib3/connection.py", line 395, in request
    self.endheaders()
  File "/home/ibrahim/miniconda3/envs/bioquant/lib/python3.8/http/client.py", line 1251, in endheaders
    self._send_output(message_body, encode_chunked=encode_chunked)
  File "/home/ibrahim/miniconda3/envs/bioquant/lib/python3.8/http/client.py", line 1011, in _send_output
    self.send(msg)
  File "/home/ibrahim/miniconda3/envs/bioquant/lib/python3.8/http/client.py", line 951, in send
    self.connect()
  File "/home/ibrahim/miniconda3/envs/bioquant/lib/python3.8/site-packages/urllib3/connection.py", line 243, in connect
    self.sock = self._new_conn()
  File "/home/ibrahim/miniconda3/envs/bioquant/lib/python3.8/site-packages/urllib3/connection.py", line 218, in _new_conn
    raise NewConnectionError(
urllib3.exceptions.NewConnectionError: <urllib3.connection.HTTPConnection object at 0x7f495214cfa0>: Failed to establish a new connection: [Errno 111] Connection refused

The above exception was the direct cause of the following exception:

Traceback (most recent call last):
  File "/home/ibrahim/miniconda3/envs/bioquant/lib/python3.8/site-packages/requests/adapters.py", line 486, in send
    resp = conn.urlopen(
  File "/home/ibrahim/miniconda3/envs/bioquant/lib/python3.8/site-packages/urllib3/connectionpool.py", line 844, in urlopen
    retries = retries.increment(
  File "/home/ibrahim/miniconda3/envs/bioquant/lib/python3.8/site-packages/urllib3/util/retry.py", line 515, in increment
    raise MaxRetryError(_pool, url, reason) from reason  # type: ignore[arg-type]
urllib3.exceptions.MaxRetryError: HTTPConnectionPool(host='localhost', port=15120): Max retries exceeded with url: /v1/devices/xyz-stage/xposition (Caused by NewConnectionError('<urllib3.connection.HTTPConnection object at 0x7f495214cfa0>: Failed to establish a new connection: [Errno 111] Connection refused'))

During handling of the above exception, another exception occurred:

Traceback (most recent call last):
  File "/media/ibrahim/Extended Storage/cloud/Internship/bioquant/348_wellplate_automation/script.py", line 29, in update
    fusionrest.__put(endpoint, obj)
  File "/media/ibrahim/Extended Storage/cloud/Internship/bioquant/348_wellplate_automation/fusionrest.py", line 76, in __put
    __put_plain(endpoint, body)
  File "/media/ibrahim/Extended Storage/cloud/Internship/bioquant/348_wellplate_automation/fusionrest.py", line 79, in __put_plain
    response = requests.put(__make_address(endpoint), data=body)
  File "/home/ibrahim/miniconda3/envs/bioquant/lib/python3.8/site-packages/requests/api.py", line 130, in put
    return request("put", url, data=data, **kwargs)
  File "/home/ibrahim/miniconda3/envs/bioquant/lib/python3.8/site-packages/requests/api.py", line 59, in request
    return session.request(method=method, url=url, **kwargs)
  File "/home/ibrahim/miniconda3/envs/bioquant/lib/python3.8/site-packages/requests/sessions.py", line 589, in request
    resp = self.send(prep, **send_kwargs)
  File "/home/ibrahim/miniconda3/envs/bioquant/lib/python3.8/site-packages/requests/sessions.py", line 703, in send
    r = adapter.send(request, **kwargs)
  File "/home/ibrahim/miniconda3/envs/bioquant/lib/python3.8/site-packages/requests/adapters.py", line 519, in send
    raise ConnectionError(e, request=request)
requests.exceptions.ConnectionError: HTTPConnectionPool(host='localhost', port=15120): Max retries exceeded with url: /v1/devices/xyz-stage/xposition (Caused by NewConnectionError('<urllib3.connection.HTTPConnection object at 0x7f495214cfa0>: Failed to establish a new connection: [Errno 111] Connection refused'))
2024-02-26 13:31:33,398 - DEBUG - Starting new HTTP connection (1): localhost:15120
2024-02-26 13:31:33,398 - ERROR - An unexpected update error occurred
Traceback (most recent call last):
  File "/home/ibrahim/miniconda3/envs/bioquant/lib/python3.8/site-packages/urllib3/connection.py", line 203, in _new_conn
    sock = connection.create_connection(
  File "/home/ibrahim/miniconda3/envs/bioquant/lib/python3.8/site-packages/urllib3/util/connection.py", line 85, in create_connection
    raise err
  File "/home/ibrahim/miniconda3/envs/bioquant/lib/python3.8/site-packages/urllib3/util/connection.py", line 73, in create_connection
    sock.connect(sa)
ConnectionRefusedError: [Errno 111] Connection refused

The above exception was the direct cause of the following exception:

Traceback (most recent call last):
  File "/home/ibrahim/miniconda3/envs/bioquant/lib/python3.8/site-packages/urllib3/connectionpool.py", line 790, in urlopen
    response = self._make_request(
  File "/home/ibrahim/miniconda3/envs/bioquant/lib/python3.8/site-packages/urllib3/connectionpool.py", line 496, in _make_request
    conn.request(
  File "/home/ibrahim/miniconda3/envs/bioquant/lib/python3.8/site-packages/urllib3/connection.py", line 395, in request
    self.endheaders()
  File "/home/ibrahim/miniconda3/envs/bioquant/lib/python3.8/http/client.py", line 1251, in endheaders
    self._send_output(message_body, encode_chunked=encode_chunked)
  File "/home/ibrahim/miniconda3/envs/bioquant/lib/python3.8/http/client.py", line 1011, in _send_output
    self.send(msg)
  File "/home/ibrahim/miniconda3/envs/bioquant/lib/python3.8/http/client.py", line 951, in send
    self.connect()
  File "/home/ibrahim/miniconda3/envs/bioquant/lib/python3.8/site-packages/urllib3/connection.py", line 243, in connect
    self.sock = self._new_conn()
  File "/home/ibrahim/miniconda3/envs/bioquant/lib/python3.8/site-packages/urllib3/connection.py", line 218, in _new_conn
    raise NewConnectionError(
urllib3.exceptions.NewConnectionError: <urllib3.connection.HTTPConnection object at 0x7f4952164ee0>: Failed to establish a new connection: [Errno 111] Connection refused

The above exception was the direct cause of the following exception:

Traceback (most recent call last):
  File "/home/ibrahim/miniconda3/envs/bioquant/lib/python3.8/site-packages/requests/adapters.py", line 486, in send
    resp = conn.urlopen(
  File "/home/ibrahim/miniconda3/envs/bioquant/lib/python3.8/site-packages/urllib3/connectionpool.py", line 844, in urlopen
    retries = retries.increment(
  File "/home/ibrahim/miniconda3/envs/bioquant/lib/python3.8/site-packages/urllib3/util/retry.py", line 515, in increment
    raise MaxRetryError(_pool, url, reason) from reason  # type: ignore[arg-type]
urllib3.exceptions.MaxRetryError: HTTPConnectionPool(host='localhost', port=15120): Max retries exceeded with url: /v1/devices/xyz-stage/yposition (Caused by NewConnectionError('<urllib3.connection.HTTPConnection object at 0x7f4952164ee0>: Failed to establish a new connection: [Errno 111] Connection refused'))

During handling of the above exception, another exception occurred:

Traceback (most recent call last):
  File "/media/ibrahim/Extended Storage/cloud/Internship/bioquant/348_wellplate_automation/script.py", line 29, in update
    fusionrest.__put(endpoint, obj)
  File "/media/ibrahim/Extended Storage/cloud/Internship/bioquant/348_wellplate_automation/fusionrest.py", line 76, in __put
    __put_plain(endpoint, body)
  File "/media/ibrahim/Extended Storage/cloud/Internship/bioquant/348_wellplate_automation/fusionrest.py", line 79, in __put_plain
    response = requests.put(__make_address(endpoint), data=body)
  File "/home/ibrahim/miniconda3/envs/bioquant/lib/python3.8/site-packages/requests/api.py", line 130, in put
    return request("put", url, data=data, **kwargs)
  File "/home/ibrahim/miniconda3/envs/bioquant/lib/python3.8/site-packages/requests/api.py", line 59, in request
    return session.request(method=method, url=url, **kwargs)
  File "/home/ibrahim/miniconda3/envs/bioquant/lib/python3.8/site-packages/requests/sessions.py", line 589, in request
    resp = self.send(prep, **send_kwargs)
  File "/home/ibrahim/miniconda3/envs/bioquant/lib/python3.8/site-packages/requests/sessions.py", line 703, in send
    r = adapter.send(request, **kwargs)
  File "/home/ibrahim/miniconda3/envs/bioquant/lib/python3.8/site-packages/requests/adapters.py", line 519, in send
    raise ConnectionError(e, request=request)
requests.exceptions.ConnectionError: HTTPConnectionPool(host='localhost', port=15120): Max retries exceeded with url: /v1/devices/xyz-stage/yposition (Caused by NewConnectionError('<urllib3.connection.HTTPConnection object at 0x7f4952164ee0>: Failed to establish a new connection: [Errno 111] Connection refused'))
2024-02-26 13:31:33,400 - DEBUG - Starting new HTTP connection (1): localhost:15120
2024-02-26 13:31:33,400 - ERROR - An unexpected update error occurred
Traceback (most recent call last):
  File "/home/ibrahim/miniconda3/envs/bioquant/lib/python3.8/site-packages/urllib3/connection.py", line 203, in _new_conn
    sock = connection.create_connection(
  File "/home/ibrahim/miniconda3/envs/bioquant/lib/python3.8/site-packages/urllib3/util/connection.py", line 85, in create_connection
    raise err
  File "/home/ibrahim/miniconda3/envs/bioquant/lib/python3.8/site-packages/urllib3/util/connection.py", line 73, in create_connection
    sock.connect(sa)
ConnectionRefusedError: [Errno 111] Connection refused

The above exception was the direct cause of the following exception:

Traceback (most recent call last):
  File "/home/ibrahim/miniconda3/envs/bioquant/lib/python3.8/site-packages/urllib3/connectionpool.py", line 790, in urlopen
    response = self._make_request(
  File "/home/ibrahim/miniconda3/envs/bioquant/lib/python3.8/site-packages/urllib3/connectionpool.py", line 496, in _make_request
    conn.request(
  File "/home/ibrahim/miniconda3/envs/bioquant/lib/python3.8/site-packages/urllib3/connection.py", line 395, in request
    self.endheaders()
  File "/home/ibrahim/miniconda3/envs/bioquant/lib/python3.8/http/client.py", line 1251, in endheaders
    self._send_output(message_body, encode_chunked=encode_chunked)
  File "/home/ibrahim/miniconda3/envs/bioquant/lib/python3.8/http/client.py", line 1011, in _send_output
    self.send(msg)
  File "/home/ibrahim/miniconda3/envs/bioquant/lib/python3.8/http/client.py", line 951, in send
    self.connect()
  File "/home/ibrahim/miniconda3/envs/bioquant/lib/python3.8/site-packages/urllib3/connection.py", line 243, in connect
    self.sock = self._new_conn()
  File "/home/ibrahim/miniconda3/envs/bioquant/lib/python3.8/site-packages/urllib3/connection.py", line 218, in _new_conn
    raise NewConnectionError(
urllib3.exceptions.NewConnectionError: <urllib3.connection.HTTPConnection object at 0x7f49518d58b0>: Failed to establish a new connection: [Errno 111] Connection refused

The above exception was the direct cause of the following exception:

Traceback (most recent call last):
  File "/home/ibrahim/miniconda3/envs/bioquant/lib/python3.8/site-packages/requests/adapters.py", line 486, in send
    resp = conn.urlopen(
  File "/home/ibrahim/miniconda3/envs/bioquant/lib/python3.8/site-packages/urllib3/connectionpool.py", line 844, in urlopen
    retries = retries.increment(
  File "/home/ibrahim/miniconda3/envs/bioquant/lib/python3.8/site-packages/urllib3/util/retry.py", line 515, in increment
    raise MaxRetryError(_pool, url, reason) from reason  # type: ignore[arg-type]
urllib3.exceptions.MaxRetryError: HTTPConnectionPool(host='localhost', port=15120): Max retries exceeded with url: /v1/devices/xyz-stage/analoguecontrol (Caused by NewConnectionError('<urllib3.connection.HTTPConnection object at 0x7f49518d58b0>: Failed to establish a new connection: [Errno 111] Connection refused'))

During handling of the above exception, another exception occurred:

Traceback (most recent call last):
  File "/media/ibrahim/Extended Storage/cloud/Internship/bioquant/348_wellplate_automation/script.py", line 29, in update
    fusionrest.__put(endpoint, obj)
  File "/media/ibrahim/Extended Storage/cloud/Internship/bioquant/348_wellplate_automation/fusionrest.py", line 76, in __put
    __put_plain(endpoint, body)
  File "/media/ibrahim/Extended Storage/cloud/Internship/bioquant/348_wellplate_automation/fusionrest.py", line 79, in __put_plain
    response = requests.put(__make_address(endpoint), data=body)
  File "/home/ibrahim/miniconda3/envs/bioquant/lib/python3.8/site-packages/requests/api.py", line 130, in put
    return request("put", url, data=data, **kwargs)
  File "/home/ibrahim/miniconda3/envs/bioquant/lib/python3.8/site-packages/requests/api.py", line 59, in request
    return session.request(method=method, url=url, **kwargs)
  File "/home/ibrahim/miniconda3/envs/bioquant/lib/python3.8/site-packages/requests/sessions.py", line 589, in request
    resp = self.send(prep, **send_kwargs)
  File "/home/ibrahim/miniconda3/envs/bioquant/lib/python3.8/site-packages/requests/sessions.py", line 703, in send
    r = adapter.send(request, **kwargs)
  File "/home/ibrahim/miniconda3/envs/bioquant/lib/python3.8/site-packages/requests/adapters.py", line 519, in send
    raise ConnectionError(e, request=request)
requests.exceptions.ConnectionError: HTTPConnectionPool(host='localhost', port=15120): Max retries exceeded with url: /v1/devices/xyz-stage/analoguecontrol (Caused by NewConnectionError('<urllib3.connection.HTTPConnection object at 0x7f49518d58b0>: Failed to establish a new connection: [Errno 111] Connection refused'))
